<!DOCTYPE html PUBLIC "-//W3C//DTD XHTML 1.1//EN" "http://www.w3.org/TR/xhtml11/DTD/xhtml11.dtd">
<html xmlns="http://www.w3.org/1999/xhtml">
<head>
<meta http-equiv="content-type" content="text/html; charset=UTF-8"/>
<title>TestNG Report</title>
<style type="text/css">table {margin-bottom:10px;border-collapse:collapse;empty-cells:show}th,td {border:1px solid #009;padding:.25em .5em}th {vertical-align:bottom}td {vertical-align:top}table a {font-weight:bold}.stripe td {background-color: #E6EBF9}.num {text-align:right}.passedodd td {background-color: #3F3}.passedeven td {background-color: #0A0}.skippedodd td {background-color: #DDD}.skippedeven td {background-color: #CCC}.failedodd td,.attn {background-color: #F33}.failedeven td,.stripe .attn {background-color: #D00}.stacktrace {white-space:pre;font-family:monospace}.totop {font-size:85%;text-align:center;border-bottom:2px solid #000}.invisible {display:none}</style>
</head>
<body>
<table>
<tr><th>Test</th><th># Passed</th><th># Skipped</th><th># Retried</th><th># Failed</th><th>Time (ms)</th><th>Included Groups</th><th>Excluded Groups</th></tr>
<tr><th colspan="8">Suite</th></tr>
<tr><td><a href="#t0">Test</a></td><td class="num">12</td><td class="num">0</td><td class="num">0</td><td class="num attn">14</td><td class="num">1,713,971</td><td></td><td></td></tr>
</table>
<table id='summary'><thead><tr><th>Class</th><th>Method</th><th>Start</th><th>Time (ms)</th></tr></thead><tbody><tr><th colspan="4">Suite</th></tr></tbody><tbody id="t0"><tr><th colspan="4">Test &#8212; failed</th></tr><tr class="failedeven"><td rowspan="1">com.dca.testcases.Announcementtest</td><td><a href="#m0">announcements</a></td><td rowspan="1">1606307044958</td><td rowspan="1">18950</td></tr><tr class="failedodd"><td rowspan="1">com.dca.testcases.ArchitecturalstageMasterTest</td><td><a href="#m1">stagemaster</a></td><td rowspan="1">1606306834094</td><td rowspan="1">21544</td></tr><tr class="failedeven"><td rowspan="1">com.dca.testcases.AseetsTest</td><td><a href="#m2">assets</a></td><td rowspan="1">1606307176489</td><td rowspan="1">41066</td></tr><tr class="failedodd"><td rowspan="1">com.dca.testcases.BudgetDashboardTest</td><td><a href="#m3">budgetDTest</a></td><td rowspan="1">1606306868215</td><td rowspan="1">42798</td></tr><tr class="failedeven"><td rowspan="1">com.dca.testcases.CasasEmployeeTest</td><td><a href="#m4">casasemployee</a></td><td rowspan="1">1606306607204</td><td rowspan="1">91063</td></tr><tr class="failedodd"><td rowspan="1">com.dca.testcases.CommunicationTest</td><td><a href="#m5">commtest</a></td><td rowspan="1">1606307481480</td><td rowspan="1">70508</td></tr><tr class="failedeven"><td rowspan="1">com.dca.testcases.FieldManagementToolTest</td><td><a href="#m6">fieldmanagetool</a></td><td rowspan="1">1606307400182</td><td rowspan="1">71915</td></tr><tr class="failedodd"><td rowspan="1">com.dca.testcases.LabourTest</td><td><a href="#m7">labour_test</a></td><td rowspan="1">1606307707668</td><td rowspan="1">44131</td></tr><tr class="failedeven"><td rowspan="1">com.dca.testcases.ProjectEmailsTest</td><td><a href="#m8">emailTest</a></td><td rowspan="1">1606307590234</td><td rowspan="1">59929</td></tr><tr class="failedodd"><td rowspan="1">com.dca.testcases.ProjectTimelines1Test</td><td><a href="#m9">protimeline</a></td><td rowspan="1">1606306924451</td><td rowspan="1">111432</td></tr><tr class="failedeven"><td rowspan="1">com.dca.testcases.PunchlistMastersTest</td><td><a href="#m10">punchlistmaster</a></td><td rowspan="1">1606307350305</td><td rowspan="1">40305</td></tr><tr class="failedodd"><td rowspan="1">com.dca.testcases.StaffLeaveTest</td><td><a href="#m11">staff_leave</a></td><td rowspan="1">1606307273163</td><td rowspan="1">68208</td></tr><tr class="failedeven"><td rowspan="1">com.dca.testcases.SupplierInvoiceTest</td><td><a href="#m12">supplier_invoice_test</a></td><td rowspan="1">1606308174421</td><td rowspan="1">45415</td></tr><tr class="failedodd"><td rowspan="1">com.dca.testcases.SupplierOnlyTest</td><td><a href="#m13">inventory</a></td><td rowspan="1">1606307109158</td><td rowspan="1">36064</td></tr><tr><th colspan="4">Test &#8212; passed</th></tr><tr class="passedeven"><td rowspan="1">com.dca.testcases.ClientContactTest</td><td><a href="#m14">client_contact</a></td><td rowspan="1">1606307227873</td><td rowspan="1">35933</td></tr><tr class="passedodd"><td rowspan="1">com.dca.testcases.Communication_meetingtest</td><td><a href="#m15">comm_meeting</a></td><td rowspan="1">1606307564842</td><td rowspan="1">16513</td></tr><tr class="passedeven"><td rowspan="1">com.dca.testcases.LabourExpencetest</td><td><a href="#m16">labour_expence</a></td><td rowspan="1">1606307685968</td><td rowspan="1">11519</td></tr><tr class="passedodd"><td rowspan="1">com.dca.testcases.LocatorRequestTest</td><td><a href="#m17">locator_test</a></td><td rowspan="1">1606307661865</td><td rowspan="1">15321</td></tr><tr class="passedeven"><td rowspan="1">com.dca.testcases.LoginPageTest</td><td><a href="#m18">loginTest</a></td><td rowspan="1">1606306516025</td><td rowspan="1">2536</td></tr><tr class="passedodd"><td rowspan="1">com.dca.testcases.MyTaskTest</td><td><a href="#m19">mytasktest</a></td><td rowspan="1">1606308141189</td><td rowspan="1">22033</td></tr><tr class="passedeven"><td rowspan="1">com.dca.testcases.ProjectActivitiesTest</td><td><a href="#m20">projectactivitytest</a></td><td rowspan="1">1606307760867</td><td rowspan="1">179837</td></tr><tr class="passedodd"><td rowspan="1">com.dca.testcases.ProjectTeamTest</td><td><a href="#m21">projectteamtest</a></td><td rowspan="1">1606306707055</td><td rowspan="1">118160</td></tr><tr class="passedeven"><td rowspan="1">com.dca.testcases.PropertyPageTest</td><td><a href="#m22">propertyreg</a></td><td rowspan="1">1606306528798</td><td rowspan="1">34738</td></tr><tr class="passedodd"><td rowspan="1">com.dca.testcases.PropertyactionsTest</td><td><a href="#m23">propertyActions</a></td><td rowspan="1">1606306572398</td><td rowspan="1">26071</td></tr><tr class="passedeven"><td rowspan="1">com.dca.testcases.SiteVisitTest</td><td><a href="#m24">sitevisittest</a></td><td rowspan="1">1606307949479</td><td rowspan="1">180208</td></tr><tr class="passedodd"><td rowspan="1">com.dca.testcases.SupplierOnlyTest</td><td><a href="#m25">supplier_only_test</a></td><td rowspan="1">1606307073821</td><td rowspan="1">24765</td></tr></tbody>
</table>
<h2>Test</h2><h3 id="m0">com.dca.testcases.Announcementtest#announcements</h3><table class="result"><tr class="param"><th>Parameter #1</th><th>Parameter #2</th><th>Parameter #3</th><th>Parameter #4</th><th>Parameter #5</th><th>Parameter #6</th><th>Parameter #7</th><th>Parameter #8</th></tr><tr class="param stripe"><td>test building</td><td>Hoilday</td><td>holiday for all the staffs due to corona</td><td>25112020</td><td>1300</td><td>it will be paid leave</td><td>office</td><td>26112020</td></tr><tr><th colspan="8">Exception</th></tr><tr><td colspan="8"><div class="stacktrace">org.openqa.selenium.ElementClickInterceptedException: element click intercepted: Element is not clickable at point (157, 627)
  (Session info: chrome=86.0.4240.198)
Build info: version: &apos;3.141.59&apos;, revision: &apos;e82be7d358&apos;, time: &apos;2018-11-14T08:17:03&apos;
System info: host: &apos;DESKTOP-I5DTRDH&apos;, ip: &apos;192.168.1.19&apos;, os.name: &apos;Windows 10&apos;, os.arch: &apos;amd64&apos;, os.version: &apos;10.0&apos;, java.version: &apos;1.8.0_261&apos;
Driver info: org.openqa.selenium.chrome.ChromeDriver
Capabilities {acceptInsecureCerts: false, browserName: chrome, browserVersion: 86.0.4240.198, chrome: {chromedriverVersion: 86.0.4240.22 (398b0743353ff..., userDataDir: C:\Users\AMAZEI~1\AppData\L...}, goog:chromeOptions: {debuggerAddress: localhost:62593}, javascriptEnabled: true, networkConnectionEnabled: false, pageLoadStrategy: normal, platform: WINDOWS, platformName: WINDOWS, proxy: Proxy(), setWindowRect: true, strictFileInteractability: false, timeouts: {implicit: 0, pageLoad: 300000, script: 30000}, unhandledPromptBehavior: dismiss and notify, webauthn:virtualAuthenticators: true}
Session ID: 27682c184250488ff7e084c484fa4283
	at org.openqa.selenium.remote.http.W3CHttpResponseCodec.createException(W3CHttpResponseCodec.java:187)
	at org.openqa.selenium.remote.http.W3CHttpResponseCodec.decode(W3CHttpResponseCodec.java:122)
	at org.openqa.selenium.remote.http.W3CHttpResponseCodec.decode(W3CHttpResponseCodec.java:49)
	at org.openqa.selenium.remote.HttpCommandExecutor.execute(HttpCommandExecutor.java:158)
	at org.openqa.selenium.remote.service.DriverCommandExecutor.execute(DriverCommandExecutor.java:83)
	at org.openqa.selenium.remote.RemoteWebDriver.execute(RemoteWebDriver.java:552)
	at org.openqa.selenium.remote.RemoteWebElement.execute(RemoteWebElement.java:285)
	at org.openqa.selenium.remote.RemoteWebElement.click(RemoteWebElement.java:84)
	at org.openqa.selenium.support.pagefactory.internal.LocatingElementHandler.invoke(LocatingElementHandler.java:51)
	at com.sun.proxy.$Proxy11.click(Unknown Source)
	at com.dca.pages.PropertyActionsPage.dropannouncement(PropertyActionsPage.java:421)
	at com.dca.testcases.Announcementtest.announcements(Announcementtest.java:33)
	at java.util.ArrayList.forEach(Unknown Source)
... Removed 34 stack frames</div></td></tr></table><p class="totop"><a href="#summary">back to summary</a></p>
<h3 id="m1">com.dca.testcases.ArchitecturalstageMasterTest#stagemaster</h3><table class="result"><tr class="param"><th>Parameter #1</th><th>Parameter #2</th><th>Parameter #3</th></tr><tr class="param stripe"><td>test building</td><td>SCHEMATIC DESIGN PHASE</td><td>design phase</td></tr><tr><th colspan="3">Exception</th></tr><tr><td colspan="3"><div class="stacktrace">org.openqa.selenium.ElementClickInterceptedException: element click intercepted: Element &lt;i _ngcontent-efj-c4=&quot;&quot; class=&quot;far fa-trash-alt&quot; data-toggle=&quot;tooltip&quot; title=&quot;Delete&quot;&gt;&lt;/i&gt; is not clickable at point (1243, 339). Other element would receive the click: &lt;td _ngcontent-efj-c4=&quot;&quot;&gt;...&lt;/td&gt;
  (Session info: chrome=86.0.4240.198)
Build info: version: &apos;3.141.59&apos;, revision: &apos;e82be7d358&apos;, time: &apos;2018-11-14T08:17:03&apos;
System info: host: &apos;DESKTOP-I5DTRDH&apos;, ip: &apos;192.168.1.19&apos;, os.name: &apos;Windows 10&apos;, os.arch: &apos;amd64&apos;, os.version: &apos;10.0&apos;, java.version: &apos;1.8.0_261&apos;
Driver info: org.openqa.selenium.chrome.ChromeDriver
Capabilities {acceptInsecureCerts: false, browserName: chrome, browserVersion: 86.0.4240.198, chrome: {chromedriverVersion: 86.0.4240.22 (398b0743353ff..., userDataDir: C:\Users\AMAZEI~1\AppData\L...}, goog:chromeOptions: {debuggerAddress: localhost:62339}, javascriptEnabled: true, networkConnectionEnabled: false, pageLoadStrategy: normal, platform: WINDOWS, platformName: WINDOWS, proxy: Proxy(), setWindowRect: true, strictFileInteractability: false, timeouts: {implicit: 0, pageLoad: 300000, script: 30000}, unhandledPromptBehavior: dismiss and notify, webauthn:virtualAuthenticators: true}
Session ID: 507320e37025e837c3f8fa18a56f472f
	at org.openqa.selenium.remote.http.W3CHttpResponseCodec.createException(W3CHttpResponseCodec.java:187)
	at org.openqa.selenium.remote.http.W3CHttpResponseCodec.decode(W3CHttpResponseCodec.java:122)
	at org.openqa.selenium.remote.http.W3CHttpResponseCodec.decode(W3CHttpResponseCodec.java:49)
	at org.openqa.selenium.remote.HttpCommandExecutor.execute(HttpCommandExecutor.java:158)
	at org.openqa.selenium.remote.service.DriverCommandExecutor.execute(DriverCommandExecutor.java:83)
	at org.openqa.selenium.remote.RemoteWebDriver.execute(RemoteWebDriver.java:552)
	at org.openqa.selenium.remote.RemoteWebElement.execute(RemoteWebElement.java:285)
	at org.openqa.selenium.remote.RemoteWebElement.click(RemoteWebElement.java:84)
	at org.openqa.selenium.support.pagefactory.internal.LocatingElementHandler.invoke(LocatingElementHandler.java:51)
	at com.sun.proxy.$Proxy11.click(Unknown Source)
	at com.dca.pages.ArchitecturalstagemasterPage.architecturalmaster(ArchitecturalstagemasterPage.java:44)
	at com.dca.testcases.ArchitecturalstageMasterTest.stagemaster(ArchitecturalstageMasterTest.java:32)
	at java.util.ArrayList.forEach(Unknown Source)
... Removed 34 stack frames</div></td></tr></table><p class="totop"><a href="#summary">back to summary</a></p>
<h3 id="m2">com.dca.testcases.AseetsTest#assets</h3><table class="result"><tr class="param"><th>Parameter #1</th><th>Parameter #2</th><th>Parameter #3</th><th>Parameter #4</th><th>Parameter #5</th><th>Parameter #6</th><th>Parameter #7</th><th>Parameter #8</th><th>Parameter #9</th><th>Parameter #10</th><th>Parameter #11</th><th>Parameter #12</th><th>Parameter #13</th><th>Parameter #14</th><th>Parameter #15</th><th>Parameter #16</th><th>Parameter #17</th><th>Parameter #18</th><th>Parameter #19</th><th>Parameter #20</th><th>Parameter #21</th><th>Parameter #22</th></tr><tr class="param stripe"><td>test building</td><td>Tv</td><td>Electrical</td><td>Floor 1</td><td>Electrical</td><td>samsung</td><td>1111</td><td>12112020</td><td>sam</td><td>sam ele</td><td>8129981409</td><td>sam@gmail.com</td><td>2</td><td>12112021</td><td>12122020</td><td>12012021</td><td>11122</td><td>20000</td><td>5</td><td>3 Months Before </td><td>Milan Paper Suppliers </td><td>new vendor</td></tr><tr><th colspan="22">Exception</th></tr><tr><td colspan="22"><div class="stacktrace">org.openqa.selenium.NoSuchElementException: no such element: Unable to locate element: {&quot;method&quot;:&quot;link text&quot;,&quot;selector&quot;:&quot;Asset&quot;}
  (Session info: chrome=86.0.4240.198)
For documentation on this error, please visit: https://www.seleniumhq.org/exceptions/no_such_element.html
Build info: version: &apos;3.141.59&apos;, revision: &apos;e82be7d358&apos;, time: &apos;2018-11-14T08:17:03&apos;
System info: host: &apos;DESKTOP-I5DTRDH&apos;, ip: &apos;192.168.1.19&apos;, os.name: &apos;Windows 10&apos;, os.arch: &apos;amd64&apos;, os.version: &apos;10.0&apos;, java.version: &apos;1.8.0_261&apos;
Driver info: org.openqa.selenium.chrome.ChromeDriver
Capabilities {acceptInsecureCerts: false, browserName: chrome, browserVersion: 86.0.4240.198, chrome: {chromedriverVersion: 86.0.4240.22 (398b0743353ff..., userDataDir: C:\Users\AMAZEI~1\AppData\L...}, goog:chromeOptions: {debuggerAddress: localhost:62777}, javascriptEnabled: true, networkConnectionEnabled: false, pageLoadStrategy: normal, platform: WINDOWS, platformName: WINDOWS, proxy: Proxy(), setWindowRect: true, strictFileInteractability: false, timeouts: {implicit: 0, pageLoad: 300000, script: 30000}, unhandledPromptBehavior: dismiss and notify, webauthn:virtualAuthenticators: true}
Session ID: 839f740c908fedb5db30af18a72b79b2
*** Element info: {Using=link text, value=Asset}
	at org.openqa.selenium.remote.http.W3CHttpResponseCodec.createException(W3CHttpResponseCodec.java:187)
	at org.openqa.selenium.remote.http.W3CHttpResponseCodec.decode(W3CHttpResponseCodec.java:122)
	at org.openqa.selenium.remote.http.W3CHttpResponseCodec.decode(W3CHttpResponseCodec.java:49)
	at org.openqa.selenium.remote.HttpCommandExecutor.execute(HttpCommandExecutor.java:158)
	at org.openqa.selenium.remote.service.DriverCommandExecutor.execute(DriverCommandExecutor.java:83)
	at org.openqa.selenium.remote.RemoteWebDriver.execute(RemoteWebDriver.java:552)
	at org.openqa.selenium.remote.RemoteWebDriver.findElement(RemoteWebDriver.java:323)
	at org.openqa.selenium.remote.RemoteWebDriver.findElementByLinkText(RemoteWebDriver.java:380)
	at org.openqa.selenium.By$ByLinkText.findElement(By.java:220)
	at org.openqa.selenium.remote.RemoteWebDriver.findElement(RemoteWebDriver.java:315)
	at org.openqa.selenium.support.pagefactory.DefaultElementLocator.findElement(DefaultElementLocator.java:69)
	at org.openqa.selenium.support.pagefactory.internal.LocatingElementHandler.invoke(LocatingElementHandler.java:38)
	at com.sun.proxy.$Proxy11.click(Unknown Source)
	at com.dca.pages.PropertyActionsPage.dropasset(PropertyActionsPage.java:400)
	at com.dca.testcases.AseetsTest.assets(AseetsTest.java:33)
	at java.util.ArrayList.forEach(Unknown Source)
... Removed 31 stack frames</div></td></tr></table><p class="totop"><a href="#summary">back to summary</a></p>
<h3 id="m3">com.dca.testcases.BudgetDashboardTest#budgetDTest</h3><table class="result"><tr class="param"><th>Parameter #1</th><th>Parameter #2</th><th>Parameter #3</th><th>Parameter #4</th><th>Parameter #5</th></tr><tr class="param stripe"><td>test building</td><td>SCHEMATIC DESIGN PHASE</td><td>2</td><td>none</td><td>3</td></tr><tr><th colspan="5">Exception</th></tr><tr><td colspan="5"><div class="stacktrace">org.openqa.selenium.ElementNotInteractableException: element not interactable
  (Session info: chrome=86.0.4240.198)
Build info: version: &apos;3.141.59&apos;, revision: &apos;e82be7d358&apos;, time: &apos;2018-11-14T08:17:03&apos;
System info: host: &apos;DESKTOP-I5DTRDH&apos;, ip: &apos;192.168.1.19&apos;, os.name: &apos;Windows 10&apos;, os.arch: &apos;amd64&apos;, os.version: &apos;10.0&apos;, java.version: &apos;1.8.0_261&apos;
Driver info: org.openqa.selenium.chrome.ChromeDriver
Capabilities {acceptInsecureCerts: false, browserName: chrome, browserVersion: 86.0.4240.198, chrome: {chromedriverVersion: 86.0.4240.22 (398b0743353ff..., userDataDir: C:\Users\AMAZEI~1\AppData\L...}, goog:chromeOptions: {debuggerAddress: localhost:62442}, javascriptEnabled: true, networkConnectionEnabled: false, pageLoadStrategy: normal, platform: WINDOWS, platformName: WINDOWS, proxy: Proxy(), setWindowRect: true, strictFileInteractability: false, timeouts: {implicit: 0, pageLoad: 300000, script: 30000}, unhandledPromptBehavior: dismiss and notify, webauthn:virtualAuthenticators: true}
Session ID: 97a5201520f4871c79938e2a63c9824a
	at org.openqa.selenium.remote.http.W3CHttpResponseCodec.createException(W3CHttpResponseCodec.java:187)
	at org.openqa.selenium.remote.http.W3CHttpResponseCodec.decode(W3CHttpResponseCodec.java:122)
	at org.openqa.selenium.remote.http.W3CHttpResponseCodec.decode(W3CHttpResponseCodec.java:49)
	at org.openqa.selenium.remote.HttpCommandExecutor.execute(HttpCommandExecutor.java:158)
	at org.openqa.selenium.remote.service.DriverCommandExecutor.execute(DriverCommandExecutor.java:83)
	at org.openqa.selenium.remote.RemoteWebDriver.execute(RemoteWebDriver.java:552)
	at org.openqa.selenium.remote.RemoteWebElement.execute(RemoteWebElement.java:285)
	at org.openqa.selenium.remote.RemoteWebElement.click(RemoteWebElement.java:84)
	at org.openqa.selenium.support.pagefactory.internal.LocatingElementHandler.invoke(LocatingElementHandler.java:51)
	at com.sun.proxy.$Proxy11.click(Unknown Source)
	at com.dca.pages.PropertyActionsPage.dropbupage(PropertyActionsPage.java:349)
	at com.dca.testcases.BudgetDashboardTest.budgetDTest(BudgetDashboardTest.java:31)
	at java.util.ArrayList.forEach(Unknown Source)
... Removed 34 stack frames</div></td></tr></table><p class="totop"><a href="#summary">back to summary</a></p>
<h3 id="m4">com.dca.testcases.CasasEmployeeTest#casasemployee</h3><table class="result"><tr class="param"><th>Parameter #1</th><th>Parameter #2</th><th>Parameter #3</th><th>Parameter #4</th><th>Parameter #5</th><th>Parameter #6</th><th>Parameter #7</th><th>Parameter #8</th><th>Parameter #9</th><th>Parameter #10</th><th>Parameter #11</th><th>Parameter #12</th><th>Parameter #13</th><th>Parameter #14</th><th>Parameter #15</th><th>Parameter #16</th><th>Parameter #17</th><th>Parameter #18</th></tr><tr class="param stripe"><td>test building</td><td>Sushant</td><td>1.234512345E9</td><td>xyz@gmail.com</td><td>Architect</td><td>Bangalore</td><td>Ann Dumaual</td><td>2020-12-10</td><td>12</td><td>24</td><td>15121996</td><td>23.0</td><td>Full Time Employemnt</td><td>Bangalore</td><td>1.234512345E9</td><td>45</td><td>5000</td><td>1200</td></tr><tr><th colspan="18">Exception</th></tr><tr><td colspan="18"><div class="stacktrace">org.openqa.selenium.NoSuchElementException: no such element: Unable to locate element: {&quot;method&quot;:&quot;xpath&quot;,&quot;selector&quot;:&quot;//button[contains(text(),&apos;OK&apos;)]&quot;}
  (Session info: chrome=86.0.4240.198)
For documentation on this error, please visit: https://www.seleniumhq.org/exceptions/no_such_element.html
Build info: version: &apos;3.141.59&apos;, revision: &apos;e82be7d358&apos;, time: &apos;2018-11-14T08:17:03&apos;
System info: host: &apos;DESKTOP-I5DTRDH&apos;, ip: &apos;192.168.1.19&apos;, os.name: &apos;Windows 10&apos;, os.arch: &apos;amd64&apos;, os.version: &apos;10.0&apos;, java.version: &apos;1.8.0_261&apos;
Driver info: org.openqa.selenium.chrome.ChromeDriver
Capabilities {acceptInsecureCerts: false, browserName: chrome, browserVersion: 86.0.4240.198, chrome: {chromedriverVersion: 86.0.4240.22 (398b0743353ff..., userDataDir: C:\Users\AMAZEI~1\AppData\L...}, goog:chromeOptions: {debuggerAddress: localhost:62069}, javascriptEnabled: true, networkConnectionEnabled: false, pageLoadStrategy: normal, platform: WINDOWS, platformName: WINDOWS, proxy: Proxy(), setWindowRect: true, strictFileInteractability: false, timeouts: {implicit: 0, pageLoad: 300000, script: 30000}, unhandledPromptBehavior: dismiss and notify, webauthn:virtualAuthenticators: true}
Session ID: 2a9fa74d0485e702a86094316fd9a85c
*** Element info: {Using=xpath, value=//button[contains(text(),&apos;OK&apos;)]}
	at org.openqa.selenium.remote.http.W3CHttpResponseCodec.createException(W3CHttpResponseCodec.java:187)
	at org.openqa.selenium.remote.http.W3CHttpResponseCodec.decode(W3CHttpResponseCodec.java:122)
	at org.openqa.selenium.remote.http.W3CHttpResponseCodec.decode(W3CHttpResponseCodec.java:49)
	at org.openqa.selenium.remote.HttpCommandExecutor.execute(HttpCommandExecutor.java:158)
	at org.openqa.selenium.remote.service.DriverCommandExecutor.execute(DriverCommandExecutor.java:83)
	at org.openqa.selenium.remote.RemoteWebDriver.execute(RemoteWebDriver.java:552)
	at org.openqa.selenium.remote.RemoteWebDriver.findElement(RemoteWebDriver.java:323)
	at org.openqa.selenium.remote.RemoteWebDriver.findElementByXPath(RemoteWebDriver.java:428)
	at org.openqa.selenium.By$ByXPath.findElement(By.java:353)
	at org.openqa.selenium.remote.RemoteWebDriver.findElement(RemoteWebDriver.java:315)
	at org.openqa.selenium.support.pagefactory.DefaultElementLocator.findElement(DefaultElementLocator.java:69)
	at org.openqa.selenium.support.pagefactory.internal.LocatingElementHandler.invoke(LocatingElementHandler.java:38)
	at com.sun.proxy.$Proxy11.click(Unknown Source)
	at com.dca.pages.CasasEmployeePage.casasemployee(CasasEmployeePage.java:156)
	at com.dca.testcases.CasasEmployeeTest.casasemployee(CasasEmployeeTest.java:35)
	at java.util.ArrayList.forEach(Unknown Source)
... Removed 31 stack frames</div></td></tr></table><p class="totop"><a href="#summary">back to summary</a></p>
<h3 id="m5">com.dca.testcases.CommunicationTest#commtest</h3><table class="result"><tr class="param"><th>Parameter #1</th><th>Parameter #2</th><th>Parameter #3</th><th>Parameter #4</th><th>Parameter #5</th><th>Parameter #6</th><th>Parameter #7</th><th>Parameter #8</th><th>Parameter #9</th><th>Parameter #10</th></tr><tr class="param stripe"><td>test building</td><td>Testing</td><td>Valerie Valdez</td><td>Sushant</td><td>11122020</td><td>tesing</td><td>testing</td><td>testing 1</td><td>Sushant</td><td>testing</td></tr><tr><th colspan="10">Exception</th></tr><tr><td colspan="10"><div class="stacktrace">org.openqa.selenium.NoSuchElementException: Cannot locate element with text: Valerie Valdez
For documentation on this error, please visit: https://www.seleniumhq.org/exceptions/no_such_element.html
Build info: version: &apos;3.141.59&apos;, revision: &apos;e82be7d358&apos;, time: &apos;2018-11-14T08:17:03&apos;
System info: host: &apos;DESKTOP-I5DTRDH&apos;, ip: &apos;192.168.1.19&apos;, os.name: &apos;Windows 10&apos;, os.arch: &apos;amd64&apos;, os.version: &apos;10.0&apos;, java.version: &apos;1.8.0_261&apos;
Driver info: driver.version: ActionDriver
	at org.openqa.selenium.support.ui.Select.selectByVisibleText(Select.java:147)
	at com.dca.action.ActionDriver.selByVisibleText(ActionDriver.java:28)
	at com.dca.pages.Communication.communicate(Communication.java:99)
	at com.dca.testcases.CommunicationTest.commtest(CommunicationTest.java:34)
	at java.util.ArrayList.forEach(Unknown Source)
... Removed 27 stack frames</div></td></tr></table><p class="totop"><a href="#summary">back to summary</a></p>
<h3 id="m6">com.dca.testcases.FieldManagementToolTest#fieldmanagetool</h3><table class="result"><tr class="param"><th>Parameter #1</th><th>Parameter #2</th><th>Parameter #3</th><th>Parameter #4</th><th>Parameter #5</th><th>Parameter #6</th><th>Parameter #7</th><th>Parameter #8</th><th>Parameter #9</th><th>Parameter #10</th></tr><tr class="param stripe"><td>test building</td><td>Floor 1</td><td>floor checking</td><td>Valerie Valdez</td><td>15122020</td><td>17122020</td><td>220</td><td>Testing</td><td>Assigned</td><td>Completed</td></tr><tr><th colspan="10">Exception</th></tr><tr><td colspan="10"><div class="stacktrace">org.openqa.selenium.NoSuchElementException: Cannot locate element with text: floor checking
For documentation on this error, please visit: https://www.seleniumhq.org/exceptions/no_such_element.html
Build info: version: &apos;3.141.59&apos;, revision: &apos;e82be7d358&apos;, time: &apos;2018-11-14T08:17:03&apos;
System info: host: &apos;DESKTOP-I5DTRDH&apos;, ip: &apos;192.168.1.19&apos;, os.name: &apos;Windows 10&apos;, os.arch: &apos;amd64&apos;, os.version: &apos;10.0&apos;, java.version: &apos;1.8.0_261&apos;
Driver info: driver.version: ActionDriver
	at org.openqa.selenium.support.ui.Select.selectByVisibleText(Select.java:147)
	at com.dca.action.ActionDriver.selByVisibleText(ActionDriver.java:28)
	at com.dca.pages.FieldManagementToolPage.fieldmanage(FieldManagementToolPage.java:65)
	at com.dca.testcases.FieldManagementToolTest.fieldmanagetool(FieldManagementToolTest.java:33)
	at java.util.ArrayList.forEach(Unknown Source)
... Removed 27 stack frames</div></td></tr></table><p class="totop"><a href="#summary">back to summary</a></p>
<h3 id="m7">com.dca.testcases.LabourTest#labour_test</h3><table class="result"><tr class="param"><th>Parameter #1</th><th>Parameter #2</th><th>Parameter #3</th></tr><tr class="param stripe"><td>test building</td><td>Architect</td><td>Ann Dumaual</td></tr><tr><th colspan="3">Exception</th></tr><tr><td colspan="3"><div class="stacktrace">org.openqa.selenium.NoSuchElementException: no such element: Unable to locate element: {&quot;method&quot;:&quot;xpath&quot;,&quot;selector&quot;:&quot;//tbody/tr[2]/td[7]/i[2]&quot;}
  (Session info: chrome=86.0.4240.198)
For documentation on this error, please visit: https://www.seleniumhq.org/exceptions/no_such_element.html
Build info: version: &apos;3.141.59&apos;, revision: &apos;e82be7d358&apos;, time: &apos;2018-11-14T08:17:03&apos;
System info: host: &apos;DESKTOP-I5DTRDH&apos;, ip: &apos;192.168.1.19&apos;, os.name: &apos;Windows 10&apos;, os.arch: &apos;amd64&apos;, os.version: &apos;10.0&apos;, java.version: &apos;1.8.0_261&apos;
Driver info: org.openqa.selenium.chrome.ChromeDriver
Capabilities {acceptInsecureCerts: false, browserName: chrome, browserVersion: 86.0.4240.198, chrome: {chromedriverVersion: 86.0.4240.22 (398b0743353ff..., userDataDir: C:\Users\AMAZEI~1\AppData\L...}, goog:chromeOptions: {debuggerAddress: localhost:63499}, javascriptEnabled: true, networkConnectionEnabled: false, pageLoadStrategy: normal, platform: WINDOWS, platformName: WINDOWS, proxy: Proxy(), setWindowRect: true, strictFileInteractability: false, timeouts: {implicit: 0, pageLoad: 300000, script: 30000}, unhandledPromptBehavior: dismiss and notify, webauthn:virtualAuthenticators: true}
Session ID: f25ec41edb1dbd5f46d3003d1a174dfe
*** Element info: {Using=xpath, value=//tbody/tr[2]/td[7]/i[2]}
	at org.openqa.selenium.remote.http.W3CHttpResponseCodec.createException(W3CHttpResponseCodec.java:187)
	at org.openqa.selenium.remote.http.W3CHttpResponseCodec.decode(W3CHttpResponseCodec.java:122)
	at org.openqa.selenium.remote.http.W3CHttpResponseCodec.decode(W3CHttpResponseCodec.java:49)
	at org.openqa.selenium.remote.HttpCommandExecutor.execute(HttpCommandExecutor.java:158)
	at org.openqa.selenium.remote.service.DriverCommandExecutor.execute(DriverCommandExecutor.java:83)
	at org.openqa.selenium.remote.RemoteWebDriver.execute(RemoteWebDriver.java:552)
	at org.openqa.selenium.remote.RemoteWebDriver.findElement(RemoteWebDriver.java:323)
	at org.openqa.selenium.remote.RemoteWebDriver.findElementByXPath(RemoteWebDriver.java:428)
	at org.openqa.selenium.By$ByXPath.findElement(By.java:353)
	at org.openqa.selenium.remote.RemoteWebDriver.findElement(RemoteWebDriver.java:315)
	at org.openqa.selenium.support.pagefactory.DefaultElementLocator.findElement(DefaultElementLocator.java:69)
	at org.openqa.selenium.support.pagefactory.internal.LocatingElementHandler.invoke(LocatingElementHandler.java:38)
	at com.sun.proxy.$Proxy11.click(Unknown Source)
	at com.dca.pages.LabourPage.labour(LabourPage.java:38)
	at com.dca.testcases.LabourTest.labour_test(LabourTest.java:30)
	at java.util.ArrayList.forEach(Unknown Source)
... Removed 31 stack frames</div></td></tr></table><p class="totop"><a href="#summary">back to summary</a></p>
<h3 id="m8">com.dca.testcases.ProjectEmailsTest#emailTest</h3><table class="result"><tr class="param"><th>Parameter #1</th><th>Parameter #2</th><th>Parameter #3</th><th>Parameter #4</th></tr><tr class="param stripe"><td>test building</td><td>abc@gmail.com</td><td>Testing123</td><td>11112020</td></tr><tr><th colspan="4">Exception</th></tr><tr><td colspan="4"><div class="stacktrace">org.openqa.selenium.NoSuchElementException: no such element: Unable to locate element: {&quot;method&quot;:&quot;xpath&quot;,&quot;selector&quot;:&quot;//button[contains(text(),&apos;OK&apos;)]&quot;}
  (Session info: chrome=86.0.4240.198)
For documentation on this error, please visit: https://www.seleniumhq.org/exceptions/no_such_element.html
Build info: version: &apos;3.141.59&apos;, revision: &apos;e82be7d358&apos;, time: &apos;2018-11-14T08:17:03&apos;
System info: host: &apos;DESKTOP-I5DTRDH&apos;, ip: &apos;192.168.1.19&apos;, os.name: &apos;Windows 10&apos;, os.arch: &apos;amd64&apos;, os.version: &apos;10.0&apos;, java.version: &apos;1.8.0_261&apos;
Driver info: org.openqa.selenium.chrome.ChromeDriver
Capabilities {acceptInsecureCerts: false, browserName: chrome, browserVersion: 86.0.4240.198, chrome: {chromedriverVersion: 86.0.4240.22 (398b0743353ff..., userDataDir: C:\Users\AMAZEI~1\AppData\L...}, goog:chromeOptions: {debuggerAddress: localhost:63299}, javascriptEnabled: true, networkConnectionEnabled: false, pageLoadStrategy: normal, platform: WINDOWS, platformName: WINDOWS, proxy: Proxy(), setWindowRect: true, strictFileInteractability: false, timeouts: {implicit: 0, pageLoad: 300000, script: 30000}, unhandledPromptBehavior: dismiss and notify, webauthn:virtualAuthenticators: true}
Session ID: ed61d92ae8342bd2fd2a344f8a4c1f9b
*** Element info: {Using=xpath, value=//button[contains(text(),&apos;OK&apos;)]}
	at org.openqa.selenium.remote.http.W3CHttpResponseCodec.createException(W3CHttpResponseCodec.java:187)
	at org.openqa.selenium.remote.http.W3CHttpResponseCodec.decode(W3CHttpResponseCodec.java:122)
	at org.openqa.selenium.remote.http.W3CHttpResponseCodec.decode(W3CHttpResponseCodec.java:49)
	at org.openqa.selenium.remote.HttpCommandExecutor.execute(HttpCommandExecutor.java:158)
	at org.openqa.selenium.remote.service.DriverCommandExecutor.execute(DriverCommandExecutor.java:83)
	at org.openqa.selenium.remote.RemoteWebDriver.execute(RemoteWebDriver.java:552)
	at org.openqa.selenium.remote.RemoteWebDriver.findElement(RemoteWebDriver.java:323)
	at org.openqa.selenium.remote.RemoteWebDriver.findElementByXPath(RemoteWebDriver.java:428)
	at org.openqa.selenium.By$ByXPath.findElement(By.java:353)
	at org.openqa.selenium.remote.RemoteWebDriver.findElement(RemoteWebDriver.java:315)
	at org.openqa.selenium.support.pagefactory.DefaultElementLocator.findElement(DefaultElementLocator.java:69)
	at org.openqa.selenium.support.pagefactory.internal.LocatingElementHandler.invoke(LocatingElementHandler.java:38)
	at com.sun.proxy.$Proxy11.click(Unknown Source)
	at com.dca.pages.ProjectEmailsPage.projectemail(ProjectEmailsPage.java:68)
	at com.dca.testcases.ProjectEmailsTest.emailTest(ProjectEmailsTest.java:32)
	at java.util.ArrayList.forEach(Unknown Source)
... Removed 31 stack frames</div></td></tr></table><p class="totop"><a href="#summary">back to summary</a></p>
<h3 id="m9">com.dca.testcases.ProjectTimelines1Test#protimeline</h3><table class="result"><tr class="param"><th>Parameter #1</th><th>Parameter #2</th><th>Parameter #3</th><th>Parameter #4</th><th>Parameter #5</th><th>Parameter #6</th><th>Parameter #7</th></tr><tr class="param stripe"><td>test building</td><td>PRE-DESIGN PHASE </td><td>PAWB</td><td>20122020</td><td>21122020</td><td>Valerie Valdez </td><td>none</td></tr><tr><th colspan="7">Exception</th></tr><tr><td colspan="7"><div class="stacktrace">org.openqa.selenium.NoSuchElementException: Cannot locate element with text: Valerie Valdez 
For documentation on this error, please visit: https://www.seleniumhq.org/exceptions/no_such_element.html
Build info: version: &apos;3.141.59&apos;, revision: &apos;e82be7d358&apos;, time: &apos;2018-11-14T08:17:03&apos;
System info: host: &apos;DESKTOP-I5DTRDH&apos;, ip: &apos;192.168.1.19&apos;, os.name: &apos;Windows 10&apos;, os.arch: &apos;amd64&apos;, os.version: &apos;10.0&apos;, java.version: &apos;1.8.0_261&apos;
Driver info: driver.version: ActionDriver
	at org.openqa.selenium.support.ui.Select.selectByVisibleText(Select.java:147)
	at com.dca.action.ActionDriver.selByVisibleText(ActionDriver.java:28)
	at com.dca.pages.ProjectTimelines1page.projecttimeline(ProjectTimelines1page.java:162)
	at com.dca.testcases.ProjectTimelines1Test.protimeline(ProjectTimelines1Test.java:32)
	at java.util.ArrayList.forEach(Unknown Source)
... Removed 27 stack frames</div></td></tr></table><p class="totop"><a href="#summary">back to summary</a></p>
<h3 id="m10">com.dca.testcases.PunchlistMastersTest#punchlistmaster</h3><table class="result"><tr class="param"><th>Parameter #1</th><th>Parameter #2</th><th>Parameter #3</th><th>Parameter #4</th><th>Parameter #5</th><th>Parameter #6</th></tr><tr class="param stripe"><td>test building</td><td>floor checking</td><td>manila</td><td>floor checking at manila</td><td>internal</td><td>floor tiles checking</td></tr><tr><th colspan="6">Exception</th></tr><tr><td colspan="6"><div class="stacktrace">org.openqa.selenium.ElementNotInteractableException: element not interactable
  (Session info: chrome=86.0.4240.198)
Build info: version: &apos;3.141.59&apos;, revision: &apos;e82be7d358&apos;, time: &apos;2018-11-14T08:17:03&apos;
System info: host: &apos;DESKTOP-I5DTRDH&apos;, ip: &apos;192.168.1.19&apos;, os.name: &apos;Windows 10&apos;, os.arch: &apos;amd64&apos;, os.version: &apos;10.0&apos;, java.version: &apos;1.8.0_261&apos;
Driver info: org.openqa.selenium.chrome.ChromeDriver
Capabilities {acceptInsecureCerts: false, browserName: chrome, browserVersion: 86.0.4240.198, chrome: {chromedriverVersion: 86.0.4240.22 (398b0743353ff..., userDataDir: C:\Users\AMAZEI~1\AppData\L...}, goog:chromeOptions: {debuggerAddress: localhost:63007}, javascriptEnabled: true, networkConnectionEnabled: false, pageLoadStrategy: normal, platform: WINDOWS, platformName: WINDOWS, proxy: Proxy(), setWindowRect: true, strictFileInteractability: false, timeouts: {implicit: 0, pageLoad: 300000, script: 30000}, unhandledPromptBehavior: dismiss and notify, webauthn:virtualAuthenticators: true}
Session ID: 4e0344ce22751e4bbefe6868dc0d0558
	at org.openqa.selenium.remote.http.W3CHttpResponseCodec.createException(W3CHttpResponseCodec.java:187)
	at org.openqa.selenium.remote.http.W3CHttpResponseCodec.decode(W3CHttpResponseCodec.java:122)
	at org.openqa.selenium.remote.http.W3CHttpResponseCodec.decode(W3CHttpResponseCodec.java:49)
	at org.openqa.selenium.remote.HttpCommandExecutor.execute(HttpCommandExecutor.java:158)
	at org.openqa.selenium.remote.service.DriverCommandExecutor.execute(DriverCommandExecutor.java:83)
	at org.openqa.selenium.remote.RemoteWebDriver.execute(RemoteWebDriver.java:552)
	at org.openqa.selenium.remote.RemoteWebElement.execute(RemoteWebElement.java:285)
	at org.openqa.selenium.remote.RemoteWebElement.click(RemoteWebElement.java:84)
	at org.openqa.selenium.support.pagefactory.internal.LocatingElementHandler.invoke(LocatingElementHandler.java:51)
	at com.sun.proxy.$Proxy11.click(Unknown Source)
	at com.dca.pages.PropertyActionsPage.droppunchlistmastert(PropertyActionsPage.java:433)
	at com.dca.testcases.PunchlistMastersTest.punchlistmaster(PunchlistMastersTest.java:30)
	at java.util.ArrayList.forEach(Unknown Source)
... Removed 34 stack frames</div></td></tr></table><p class="totop"><a href="#summary">back to summary</a></p>
<h3 id="m11">com.dca.testcases.StaffLeaveTest#staff_leave</h3><table class="result"><tr class="param"><th>Parameter #1</th><th>Parameter #2</th><th>Parameter #3</th><th>Parameter #4</th><th>Parameter #5</th><th>Parameter #6</th><th>Parameter #7</th><th>Parameter #8</th><th>Parameter #9</th></tr><tr class="param stripe"><td>test building</td><td>Valerie Valdez</td><td>Casual Leave</td><td>2020-12-11</td><td>2020-12-19</td><td>Ann Dumaual</td><td>Testing</td><td>Reject</td><td>Test</td></tr><tr><th colspan="9">Exception</th></tr><tr><td colspan="9"><div class="stacktrace">org.openqa.selenium.NoSuchElementException: Cannot locate element with text: Valerie Valdez
For documentation on this error, please visit: https://www.seleniumhq.org/exceptions/no_such_element.html
Build info: version: &apos;3.141.59&apos;, revision: &apos;e82be7d358&apos;, time: &apos;2018-11-14T08:17:03&apos;
System info: host: &apos;DESKTOP-I5DTRDH&apos;, ip: &apos;192.168.1.19&apos;, os.name: &apos;Windows 10&apos;, os.arch: &apos;amd64&apos;, os.version: &apos;10.0&apos;, java.version: &apos;1.8.0_261&apos;
Driver info: driver.version: ActionDriver
	at org.openqa.selenium.support.ui.Select.selectByVisibleText(Select.java:147)
	at com.dca.action.ActionDriver.selByVisibleText(ActionDriver.java:28)
	at com.dca.pages.StaffLeavePage.staffleave(StaffLeavePage.java:94)
	at com.dca.testcases.StaffLeaveTest.staff_leave(StaffLeaveTest.java:33)
	at java.util.ArrayList.forEach(Unknown Source)
... Removed 27 stack frames</div></td></tr></table><p class="totop"><a href="#summary">back to summary</a></p>
<h3 id="m12">com.dca.testcases.SupplierInvoiceTest#supplier_invoice_test</h3><table class="result"><tr class="param"><th>Parameter #1</th><th>Parameter #2</th><th>Parameter #3</th><th>Parameter #4</th><th>Parameter #5</th><th>Parameter #6</th><th>Parameter #7</th><th>Parameter #8</th><th>Parameter #9</th><th>Parameter #10</th><th>Parameter #11</th><th>Parameter #12</th><th>Parameter #13</th><th>Parameter #14</th><th>Parameter #15</th><th>Parameter #16</th><th>Parameter #17</th><th>Parameter #18</th><th>Parameter #19</th><th>Parameter #20</th><th>Parameter #21</th><th>Parameter #22</th><th>Parameter #23</th><th>Parameter #24</th><th>Parameter #25</th></tr><tr class="param stripe"><td>test building</td><td>12152020</td><td>inv11109006</td><td>12152020</td><td>Test</td><td>51</td><td>5</td><td>50</td><td>5</td><td>test</td><td>Cash</td><td>test</td><td>1.0</td><td>test</td><td>Bangalore</td><td>Floor 1</td><td>bangalore</td><td>5</td><td>2</td><td>12122020</td><td>Staff</td><td>Test</td><td>Drawing Materials</td><td>Drawing</td><td>Valerie Valdez</td></tr><tr><th colspan="25">Exception</th></tr><tr><td colspan="25"><div class="stacktrace">org.openqa.selenium.NoSuchElementException: Cannot locate option with index: 1
For documentation on this error, please visit: https://www.seleniumhq.org/exceptions/no_such_element.html
Build info: version: &apos;3.141.59&apos;, revision: &apos;e82be7d358&apos;, time: &apos;2018-11-14T08:17:03&apos;
System info: host: &apos;DESKTOP-I5DTRDH&apos;, ip: &apos;192.168.1.19&apos;, os.name: &apos;Windows 10&apos;, os.arch: &apos;amd64&apos;, os.version: &apos;10.0&apos;, java.version: &apos;1.8.0_261&apos;
Driver info: driver.version: ActionDriver
	at org.openqa.selenium.support.ui.Select.setSelectedByIndex(Select.java:297)
	at org.openqa.selenium.support.ui.Select.selectByIndex(Select.java:172)
	at com.dca.action.ActionDriver.selByIndex(ActionDriver.java:24)
	at com.dca.pages.SupplierInvoice.supplierinvoice(SupplierInvoice.java:235)
	at com.dca.testcases.SupplierInvoiceTest.supplier_invoice_test(SupplierInvoiceTest.java:38)
	at java.util.ArrayList.forEach(Unknown Source)
... Removed 27 stack frames</div></td></tr></table><p class="totop"><a href="#summary">back to summary</a></p>
<h3 id="m13">com.dca.testcases.SupplierOnlyTest#inventory</h3><table class="result"><tr class="param"><th>Parameter #1</th><th>Parameter #2</th><th>Parameter #3</th><th>Parameter #4</th><th>Parameter #5</th><th>Parameter #6</th><th>Parameter #7</th><th>Parameter #8</th><th>Parameter #9</th><th>Parameter #10</th><th>Parameter #11</th><th>Parameter #12</th><th>Parameter #13</th><th>Parameter #14</th><th>Parameter #15</th><th>Parameter #16</th><th>Parameter #17</th></tr><tr class="param stripe"><td>test building</td><td>Drawing Materials</td><td>Drawing</td><td>mobile</td><td>Testing</td><td>20112020</td><td>2000</td><td>Inventory PO</td><td>13122020</td><td>10</td><td>Testing</td><td>5000.0</td><td>rahul</td><td>Sanath</td><td>Testing </td><td>Srikanth</td><td>Civil Contractor</td></tr><tr><th colspan="17">Exception</th></tr><tr><td colspan="17"><div class="stacktrace">org.openqa.selenium.ElementNotInteractableException: element not interactable
  (Session info: chrome=86.0.4240.198)
Build info: version: &apos;3.141.59&apos;, revision: &apos;e82be7d358&apos;, time: &apos;2018-11-14T08:17:03&apos;
System info: host: &apos;DESKTOP-I5DTRDH&apos;, ip: &apos;192.168.1.19&apos;, os.name: &apos;Windows 10&apos;, os.arch: &apos;amd64&apos;, os.version: &apos;10.0&apos;, java.version: &apos;1.8.0_261&apos;
Driver info: org.openqa.selenium.chrome.ChromeDriver
Capabilities {acceptInsecureCerts: false, browserName: chrome, browserVersion: 86.0.4240.198, chrome: {chromedriverVersion: 86.0.4240.22 (398b0743353ff..., userDataDir: C:\Users\AMAZEI~1\AppData\L...}, goog:chromeOptions: {debuggerAddress: localhost:62719}, javascriptEnabled: true, networkConnectionEnabled: false, pageLoadStrategy: normal, platform: WINDOWS, platformName: WINDOWS, proxy: Proxy(), setWindowRect: true, strictFileInteractability: false, timeouts: {implicit: 0, pageLoad: 300000, script: 30000}, unhandledPromptBehavior: dismiss and notify, webauthn:virtualAuthenticators: true}
Session ID: 27e56d2f3f027377607b1b95dc1cb7a0
	at org.openqa.selenium.remote.http.W3CHttpResponseCodec.createException(W3CHttpResponseCodec.java:187)
	at org.openqa.selenium.remote.http.W3CHttpResponseCodec.decode(W3CHttpResponseCodec.java:122)
	at org.openqa.selenium.remote.http.W3CHttpResponseCodec.decode(W3CHttpResponseCodec.java:49)
	at org.openqa.selenium.remote.HttpCommandExecutor.execute(HttpCommandExecutor.java:158)
	at org.openqa.selenium.remote.service.DriverCommandExecutor.execute(DriverCommandExecutor.java:83)
	at org.openqa.selenium.remote.RemoteWebDriver.execute(RemoteWebDriver.java:552)
	at org.openqa.selenium.remote.RemoteWebElement.execute(RemoteWebElement.java:285)
	at org.openqa.selenium.remote.RemoteWebElement.click(RemoteWebElement.java:84)
	at org.openqa.selenium.support.pagefactory.internal.LocatingElementHandler.invoke(LocatingElementHandler.java:51)
	at com.sun.proxy.$Proxy11.click(Unknown Source)
	at com.dca.pages.PropertyActionsPage.inventory(PropertyActionsPage.java:319)
	at com.dca.testcases.SupplierOnlyTest.inventory(SupplierOnlyTest.java:59)
	at java.util.ArrayList.forEach(Unknown Source)
... Removed 34 stack frames</div></td></tr></table><p class="totop"><a href="#summary">back to summary</a></p>
<h3 id="m14">com.dca.testcases.ClientContactTest#client_contact</h3><table class="result"><tr class="param"><th>Parameter #1</th><th>Parameter #2</th><th>Parameter #3</th><th>Parameter #4</th><th>Parameter #5</th><th>Parameter #6</th><th>Parameter #7</th><th>Parameter #8</th><th>Parameter #9</th></tr><tr class="param stripe"><td>test building</td><td>Sushant</td><td>M</td><td>Software Test</td><td>xyz@gmail.com</td><td>1234512345</td><td>Testing</td><td>Testing</td><td>Testing</td></tr></table><p class="totop"><a href="#summary">back to summary</a></p>
<h3 id="m15">com.dca.testcases.Communication_meetingtest#comm_meeting</h3><table class="result"><tr class="param"><th>Parameter #1</th><th>Parameter #2</th><th>Parameter #3</th><th>Parameter #4</th><th>Parameter #5</th><th>Parameter #6</th><th>Parameter #7</th><th>Parameter #8</th><th>Parameter #9</th><th>Parameter #10</th><th>Parameter #11</th></tr><tr class="param stripe"><td>test building</td><td>Virtual Meeting</td><td>xyz.com</td><td>123.0</td><td>Conference</td><td>15122020</td><td>Sushant</td><td>11111</td><td>boardmeet</td><td>bangalore</td><td>Virtual Meeting</td></tr></table><p class="totop"><a href="#summary">back to summary</a></p>
<h3 id="m16">com.dca.testcases.LabourExpencetest#labour_expence</h3><table class="result"><tr class="param"><th>Parameter #1</th><th>Parameter #2</th><th>Parameter #3</th><th>Parameter #4</th><th>Parameter #5</th><th>Parameter #6</th><th>Parameter #7</th><th>Parameter #8</th></tr><tr class="param stripe"><td>test building</td><td>Labour</td><td>13112020</td><td>Architect</td><td>Ann Dumaual</td><td>20</td><td>Testing</td><td>2000</td></tr></table><p class="totop"><a href="#summary">back to summary</a></p>
<h3 id="m17">com.dca.testcases.LocatorRequestTest#locator_test</h3><table class="result"><tr class="param"><th>Parameter #1</th><th>Parameter #2</th><th>Parameter #3</th><th>Parameter #4</th><th>Parameter #5</th><th>Parameter #6</th></tr><tr class="param stripe"><td>test building</td><td>11112020</td><td>bangalore</td><td>meeting</td><td>12121</td><td>13121</td></tr></table><p class="totop"><a href="#summary">back to summary</a></p>
<h3 id="m18">com.dca.testcases.LoginPageTest#loginTest</h3><table class="result"><tr><th class="invisible"/></tr></table><p class="totop"><a href="#summary">back to summary</a></p>
<h3 id="m19">com.dca.testcases.MyTaskTest#mytasktest</h3><table class="result"><tr class="param"><th>Parameter #1</th><th>Parameter #2</th><th>Parameter #3</th><th>Parameter #4</th><th>Parameter #5</th><th>Parameter #6</th></tr><tr class="param stripe"><td>test building</td><td>19122020</td><td>23122020</td><td>floor checking</td><td>check properly</td><td>25122020</td></tr></table><p class="totop"><a href="#summary">back to summary</a></p>
<h3 id="m20">com.dca.testcases.ProjectActivitiesTest#projectactivitytest</h3><table class="result"><tr class="param"><th>Parameter #1</th><th>Parameter #2</th><th>Parameter #3</th><th>Parameter #4</th><th>Parameter #5</th><th>Parameter #6</th><th>Parameter #7</th><th>Parameter #8</th></tr><tr class="param stripe"><td>test building</td><td>PRE-DESIGN PHASE </td><td>Architect </td><td>Ann Dumaual </td><td>11122020</td><td>15122020</td><td>none</td><td>20122020</td></tr></table><p class="totop"><a href="#summary">back to summary</a></p>
<h3 id="m21">com.dca.testcases.ProjectTeamTest#projectteamtest</h3><table class="result"><tr class="param"><th>Parameter #1</th><th>Parameter #2</th><th>Parameter #3</th><th>Parameter #4</th><th>Parameter #5</th><th>Parameter #6</th><th>Parameter #7</th><th>Parameter #8</th><th>Parameter #9</th></tr><tr class="param stripe"><td>test building</td><td>Company Staff</td><td>Architect </td><td>Ann Dumaual </td><td>main staff</td><td>hey</td><td>hey,there</td><td>Valerie Valdez </td><td>hey</td></tr></table><p class="totop"><a href="#summary">back to summary</a></p>
<h3 id="m22">com.dca.testcases.PropertyPageTest#propertyreg</h3><table class="result"><tr class="param"><th>Parameter #1</th><th>Parameter #2</th><th>Parameter #3</th><th>Parameter #4</th><th>Parameter #5</th><th>Parameter #6</th><th>Parameter #7</th><th>Parameter #8</th><th>Parameter #9</th><th>Parameter #10</th><th>Parameter #11</th></tr><tr class="param stripe"><td>test building</td><td>bangalore</td><td>1234567899</td><td>sushant</td><td>1234567899</td><td>xyz@gmail.com</td><td>2</td><td>2</td><td>4</td><td>240</td><td>90</td></tr></table><p class="totop"><a href="#summary">back to summary</a></p>
<h3 id="m23">com.dca.testcases.PropertyactionsTest#propertyActions</h3><table class="result"><tr><th class="invisible"/></tr></table><p class="totop"><a href="#summary">back to summary</a></p>
<h3 id="m24">com.dca.testcases.SiteVisitTest#sitevisittest</h3><table class="result"><tr class="param"><th>Parameter #1</th><th>Parameter #2</th><th>Parameter #3</th><th>Parameter #4</th><th>Parameter #5</th><th>Parameter #6</th><th>Parameter #7</th></tr><tr class="param stripe"><td>test building</td><td>PRE-DESIGN PHASE </td><td>Architect </td><td>Ann Dumaual </td><td>11122020</td><td>visited</td><td>20122020</td></tr></table><p class="totop"><a href="#summary">back to summary</a></p>
<h3 id="m25">com.dca.testcases.SupplierOnlyTest#supplier_only_test</h3><table class="result"><tr class="param"><th>Parameter #1</th><th>Parameter #2</th><th>Parameter #3</th><th>Parameter #4</th><th>Parameter #5</th><th>Parameter #6</th><th>Parameter #7</th><th>Parameter #8</th><th>Parameter #9</th><th>Parameter #10</th><th>Parameter #11</th><th>Parameter #12</th><th>Parameter #13</th><th>Parameter #14</th><th>Parameter #15</th><th>Parameter #16</th><th>Parameter #17</th><th>Parameter #18</th><th>Parameter #19</th><th>Parameter #20</th></tr><tr class="param stripe"><td>test building</td><td>vendor company</td><td>xyz@gmail.com</td><td>1234512345</td><td>LancapeYard Area</td><td>Bangalore</td><td>xyz.com</td><td>Anjali</td><td>Civil Contractor</td><td>SBI</td><td>123123</td><td>Savings Account</td><td>Bangalore</td><td>12345</td><td>Bangalore</td><td>Testing</td><td>1200</td><td>45</td><td>Civil Contractor Service</td><td>Test</td></tr></table><p class="totop"><a href="#summary">back to summary</a></p>
</body>
</html>
