<!DOCTYPE html>

<html>
  <head>
  <meta charset='utf-8'>
  <title>TestNG reports</title>

    <link type="text/css" href="testng-reports.css" rel="stylesheet" />
    <script type="text/javascript" src="jquery-3.4.1.min.js"></script>
    <script type="text/javascript" src="testng-reports.js"></script>
    <script type="text/javascript" src="https://www.google.com/jsapi"></script>
    <script type='text/javascript'>
      google.load('visualization', '1', {packages:['table']});
      google.setOnLoadCallback(drawTable);
      var suiteTableInitFunctions = new Array();
      var suiteTableData = new Array();
    </script>
    <!--
      <script type="text/javascript" src="jquery-ui/js/jquery-ui-1.8.16.custom.min.js"></script>
     -->
  </head>

  <body>
    <div class="top-banner-root">
      <span class="top-banner-title-font">Test results</span>
      <br/>
      <span class="top-banner-font-1">1 suite, 14 failed tests</span>
    </div> <!-- top-banner-root -->
    <div class="navigator-root">
      <div class="navigator-suite-header">
        <span>All suites</span>
        <a href="#" class="collapse-all-link" title="Collapse/expand all the suites">
          <img class="collapse-all-icon" src="collapseall.gif">
          </img> <!-- collapse-all-icon -->
        </a> <!-- collapse-all-link -->
      </div> <!-- navigator-suite-header -->
      <div class="suite">
        <div class="rounded-window">
          <div class="suite-header light-rounded-window-top">
            <a href="#" class="navigator-link" panel-name="suite-Suite">
              <span class="suite-name border-failed">Suite</span>
            </a> <!-- navigator-link -->
          </div> <!-- suite-header light-rounded-window-top -->
          <div class="navigator-suite-content">
            <div class="suite-section-title">
              <span>Info</span>
            </div> <!-- suite-section-title -->
            <div class="suite-section-content">
              <ul>
                <li>
                  <a href="#" class="navigator-link " panel-name="test-xml-Suite">
                    <span>C:\Users\Amaze Inc Lap 03\git\DigitalCplusA\DigitalCplusA\testng.xml</span>
                  </a> <!-- navigator-link  -->
                </li>
                <li>
                  <a href="#" class="navigator-link " panel-name="testlist-Suite">
                    <span class="test-stats">1 test</span>
                  </a> <!-- navigator-link  -->
                </li>
                <li>
                  <a href="#" class="navigator-link " panel-name="group-Suite">
                    <span>0 groups</span>
                  </a> <!-- navigator-link  -->
                </li>
                <li>
                  <a href="#" class="navigator-link " panel-name="times-Suite">
                    <span>Times</span>
                  </a> <!-- navigator-link  -->
                </li>
                <li>
                  <a href="#" class="navigator-link " panel-name="reporter-Suite">
                    <span>Reporter output</span>
                  </a> <!-- navigator-link  -->
                </li>
                <li>
                  <a href="#" class="navigator-link " panel-name="ignored-methods-Suite">
                    <span>Ignored methods</span>
                  </a> <!-- navigator-link  -->
                </li>
                <li>
                  <a href="#" class="navigator-link " panel-name="chronological-Suite">
                    <span>Chronological view</span>
                  </a> <!-- navigator-link  -->
                </li>
              </ul>
            </div> <!-- suite-section-content -->
            <div class="result-section">
              <div class="suite-section-title">
                <span>Results</span>
              </div> <!-- suite-section-title -->
              <div class="suite-section-content">
                <ul>
                  <li>
                    <span class="method-stats">26 methods, 14 failed,   12 passed</span>
                  </li>
                  <li>
                    <span class="method-list-title failed">Failed methods</span>
                    <span class="show-or-hide-methods failed">
                      <a href="#" panel-name="suite-Suite" class="hide-methods failed suite-Suite"> (hide)</a> <!-- hide-methods failed suite-Suite -->
                      <a href="#" panel-name="suite-Suite" class="show-methods failed suite-Suite"> (show)</a> <!-- show-methods failed suite-Suite -->
                    </span>
                    <div class="method-list-content failed suite-Suite">
                      <span>
                        <img width="3%" src="failed.png"/>
                        <a href="#" class="method navigator-link" panel-name="suite-Suite" title="com.dca.testcases.Announcementtest" hash-for-method="announcements(test building, Hoilday, holiday for all the staffs due to corona, 25112020, 1300, it will be paid le...)">announcements(test building, Hoilday, holiday for all the staffs due to corona, 25112020, 1300, it will be paid le...)</a> <!-- method navigator-link -->
                      </span>
                      <br/>
                      <span>
                        <img width="3%" src="failed.png"/>
                        <a href="#" class="method navigator-link" panel-name="suite-Suite" title="com.dca.testcases.AseetsTest" hash-for-method="assets(test building, Tv, Electrical, Floor 1, Electrical, samsung, 1111, 12112020, sam, sam ele, 812998140...)">assets(test building, Tv, Electrical, Floor 1, Electrical, samsung, 1111, 12112020, sam, sam ele, 812998140...)</a> <!-- method navigator-link -->
                      </span>
                      <br/>
                      <span>
                        <img width="3%" src="failed.png"/>
                        <a href="#" class="method navigator-link" panel-name="suite-Suite" title="com.dca.testcases.BudgetDashboardTest" hash-for-method="budgetDTest(test building, SCHEMATIC DESIGN PHASE, 2, none, 3)">budgetDTest(test building, SCHEMATIC DESIGN PHASE, 2, none, 3)</a> <!-- method navigator-link -->
                      </span>
                      <br/>
                      <span>
                        <img width="3%" src="failed.png"/>
                        <a href="#" class="method navigator-link" panel-name="suite-Suite" title="com.dca.testcases.CasasEmployeeTest" hash-for-method="casasemployee(test building, Sushant, 1.234512345E9, xyz@gmail.com, Architect, Bangalore, Ann Dumaual, 2020-12-10,...)">casasemployee(test building, Sushant, 1.234512345E9, xyz@gmail.com, Architect, Bangalore, Ann Dumaual, 2020-12-10,...)</a> <!-- method navigator-link -->
                      </span>
                      <br/>
                      <span>
                        <img width="3%" src="failed.png"/>
                        <a href="#" class="method navigator-link" panel-name="suite-Suite" title="com.dca.testcases.CommunicationTest" hash-for-method="commtest(test building, Testing, Valerie Valdez, Sushant, 11122020, tesing, testing, testing 1, Sushant, test...)">commtest(test building, Testing, Valerie Valdez, Sushant, 11122020, tesing, testing, testing 1, Sushant, test...)</a> <!-- method navigator-link -->
                      </span>
                      <br/>
                      <span>
                        <img width="3%" src="failed.png"/>
                        <a href="#" class="method navigator-link" panel-name="suite-Suite" title="com.dca.testcases.ProjectEmailsTest" hash-for-method="emailTest(test building, abc@gmail.com, Testing123, 11112020)">emailTest(test building, abc@gmail.com, Testing123, 11112020)</a> <!-- method navigator-link -->
                      </span>
                      <br/>
                      <span>
                        <img width="3%" src="failed.png"/>
                        <a href="#" class="method navigator-link" panel-name="suite-Suite" title="com.dca.testcases.FieldManagementToolTest" hash-for-method="fieldmanagetool(test building, Floor 1, floor checking, Valerie Valdez, 15122020, 17122020, 220, Testing, Assigned, ...)">fieldmanagetool(test building, Floor 1, floor checking, Valerie Valdez, 15122020, 17122020, 220, Testing, Assigned, ...)</a> <!-- method navigator-link -->
                      </span>
                      <br/>
                      <span>
                        <img width="3%" src="failed.png"/>
                        <a href="#" class="method navigator-link" panel-name="suite-Suite" title="com.dca.testcases.SupplierOnlyTest" hash-for-method="inventory(test building, Drawing Materials, Drawing, mobile, Testing, 20112020, 2000, Inventory PO, 13122020, ...)">inventory(test building, Drawing Materials, Drawing, mobile, Testing, 20112020, 2000, Inventory PO, 13122020, ...)</a> <!-- method navigator-link -->
                      </span>
                      <br/>
                      <span>
                        <img width="3%" src="failed.png"/>
                        <a href="#" class="method navigator-link" panel-name="suite-Suite" title="com.dca.testcases.LabourTest" hash-for-method="labour_test(test building, Architect, Ann Dumaual)">labour_test(test building, Architect, Ann Dumaual)</a> <!-- method navigator-link -->
                      </span>
                      <br/>
                      <span>
                        <img width="3%" src="failed.png"/>
                        <a href="#" class="method navigator-link" panel-name="suite-Suite" title="com.dca.testcases.ProjectTimelines1Test" hash-for-method="protimeline(test building, PRE-DESIGN PHASE , PAWB, 20122020, 21122020, Valerie Valdez , none)">protimeline(test building, PRE-DESIGN PHASE , PAWB, 20122020, 21122020, Valerie Valdez , none)</a> <!-- method navigator-link -->
                      </span>
                      <br/>
                      <span>
                        <img width="3%" src="failed.png"/>
                        <a href="#" class="method navigator-link" panel-name="suite-Suite" title="com.dca.testcases.PunchlistMastersTest" hash-for-method="punchlistmaster(test building, floor checking, manila, floor checking at manila, internal, floor tiles checking)">punchlistmaster(test building, floor checking, manila, floor checking at manila, internal, floor tiles checking)</a> <!-- method navigator-link -->
                      </span>
                      <br/>
                      <span>
                        <img width="3%" src="failed.png"/>
                        <a href="#" class="method navigator-link" panel-name="suite-Suite" title="com.dca.testcases.StaffLeaveTest" hash-for-method="staff_leave(test building, Valerie Valdez, Casual Leave, 2020-12-11, 2020-12-19, Ann Dumaual, Testing, Reject, T...)">staff_leave(test building, Valerie Valdez, Casual Leave, 2020-12-11, 2020-12-19, Ann Dumaual, Testing, Reject, T...)</a> <!-- method navigator-link -->
                      </span>
                      <br/>
                      <span>
                        <img width="3%" src="failed.png"/>
                        <a href="#" class="method navigator-link" panel-name="suite-Suite" title="com.dca.testcases.ArchitecturalstageMasterTest" hash-for-method="stagemaster(test building, SCHEMATIC DESIGN PHASE, design phase)">stagemaster(test building, SCHEMATIC DESIGN PHASE, design phase)</a> <!-- method navigator-link -->
                      </span>
                      <br/>
                      <span>
                        <img width="3%" src="failed.png"/>
                        <a href="#" class="method navigator-link" panel-name="suite-Suite" title="com.dca.testcases.SupplierInvoiceTest" hash-for-method="supplier_invoice_test(test building, 12152020, inv11109006, 12152020, Test, 51, 5, 50, 5, test, Cash, test, 1.0, test, Ban...)">supplier_invoice_test(test building, 12152020, inv11109006, 12152020, Test, 51, 5, 50, 5, test, Cash, test, 1.0, test, Ban...)</a> <!-- method navigator-link -->
                      </span>
                      <br/>
                    </div> <!-- method-list-content failed suite-Suite -->
                  </li>
                  <li>
                    <span class="method-list-title passed">Passed methods</span>
                    <span class="show-or-hide-methods passed">
                      <a href="#" panel-name="suite-Suite" class="hide-methods passed suite-Suite"> (hide)</a> <!-- hide-methods passed suite-Suite -->
                      <a href="#" panel-name="suite-Suite" class="show-methods passed suite-Suite"> (show)</a> <!-- show-methods passed suite-Suite -->
                    </span>
                    <div class="method-list-content passed suite-Suite">
                      <span>
                        <img width="3%" src="passed.png"/>
                        <a href="#" class="method navigator-link" panel-name="suite-Suite" title="com.dca.testcases.ClientContactTest" hash-for-method="client_contact(test building, Sushant, M, Software Test, xyz@gmail.com, 1234512345, Testing, Testing, Testing)">client_contact(test building, Sushant, M, Software Test, xyz@gmail.com, 1234512345, Testing, Testing, Testing)</a> <!-- method navigator-link -->
                      </span>
                      <br/>
                      <span>
                        <img width="3%" src="passed.png"/>
                        <a href="#" class="method navigator-link" panel-name="suite-Suite" title="com.dca.testcases.Communication_meetingtest" hash-for-method="comm_meeting(test building, Virtual Meeting, xyz.com, 123.0, Conference, 15122020, Sushant, 11111, boardmeet, ban...)">comm_meeting(test building, Virtual Meeting, xyz.com, 123.0, Conference, 15122020, Sushant, 11111, boardmeet, ban...)</a> <!-- method navigator-link -->
                      </span>
                      <br/>
                      <span>
                        <img width="3%" src="passed.png"/>
                        <a href="#" class="method navigator-link" panel-name="suite-Suite" title="com.dca.testcases.LabourExpencetest" hash-for-method="labour_expence(test building, Labour, 13112020, Architect, Ann Dumaual, 20, Testing, 2000)">labour_expence(test building, Labour, 13112020, Architect, Ann Dumaual, 20, Testing, 2000)</a> <!-- method navigator-link -->
                      </span>
                      <br/>
                      <span>
                        <img width="3%" src="passed.png"/>
                        <a href="#" class="method navigator-link" panel-name="suite-Suite" title="com.dca.testcases.LocatorRequestTest" hash-for-method="locator_test(test building, 11112020, bangalore, meeting, 12121, 13121)">locator_test(test building, 11112020, bangalore, meeting, 12121, 13121)</a> <!-- method navigator-link -->
                      </span>
                      <br/>
                      <span>
                        <img width="3%" src="passed.png"/>
                        <a href="#" class="method navigator-link" panel-name="suite-Suite" title="com.dca.testcases.LoginPageTest" hash-for-method="loginTest">loginTest</a> <!-- method navigator-link -->
                      </span>
                      <br/>
                      <span>
                        <img width="3%" src="passed.png"/>
                        <a href="#" class="method navigator-link" panel-name="suite-Suite" title="com.dca.testcases.MyTaskTest" hash-for-method="mytasktest(test building, 19122020, 23122020, floor checking, check properly, 25122020)">mytasktest(test building, 19122020, 23122020, floor checking, check properly, 25122020)</a> <!-- method navigator-link -->
                      </span>
                      <br/>
                      <span>
                        <img width="3%" src="passed.png"/>
                        <a href="#" class="method navigator-link" panel-name="suite-Suite" title="com.dca.testcases.ProjectActivitiesTest" hash-for-method="projectactivitytest(test building, PRE-DESIGN PHASE , Architect , Ann Dumaual , 11122020, 15122020, none, 20122020)">projectactivitytest(test building, PRE-DESIGN PHASE , Architect , Ann Dumaual , 11122020, 15122020, none, 20122020)</a> <!-- method navigator-link -->
                      </span>
                      <br/>
                      <span>
                        <img width="3%" src="passed.png"/>
                        <a href="#" class="method navigator-link" panel-name="suite-Suite" title="com.dca.testcases.ProjectTeamTest" hash-for-method="projectteamtest(test building, Company Staff, Architect , Ann Dumaual , main staff, hey, hey,there, Valerie Valdez ,...)">projectteamtest(test building, Company Staff, Architect , Ann Dumaual , main staff, hey, hey,there, Valerie Valdez ,...)</a> <!-- method navigator-link -->
                      </span>
                      <br/>
                      <span>
                        <img width="3%" src="passed.png"/>
                        <a href="#" class="method navigator-link" panel-name="suite-Suite" title="com.dca.testcases.PropertyactionsTest" hash-for-method="propertyActions">propertyActions</a> <!-- method navigator-link -->
                      </span>
                      <br/>
                      <span>
                        <img width="3%" src="passed.png"/>
                        <a href="#" class="method navigator-link" panel-name="suite-Suite" title="com.dca.testcases.PropertyPageTest" hash-for-method="propertyreg(test building, bangalore, 1234567899, sushant, 1234567899, xyz@gmail.com, 2, 2, 4, 240, 90)">propertyreg(test building, bangalore, 1234567899, sushant, 1234567899, xyz@gmail.com, 2, 2, 4, 240, 90)</a> <!-- method navigator-link -->
                      </span>
                      <br/>
                      <span>
                        <img width="3%" src="passed.png"/>
                        <a href="#" class="method navigator-link" panel-name="suite-Suite" title="com.dca.testcases.SiteVisitTest" hash-for-method="sitevisittest(test building, PRE-DESIGN PHASE , Architect , Ann Dumaual , 11122020, visited, 20122020)">sitevisittest(test building, PRE-DESIGN PHASE , Architect , Ann Dumaual , 11122020, visited, 20122020)</a> <!-- method navigator-link -->
                      </span>
                      <br/>
                      <span>
                        <img width="3%" src="passed.png"/>
                        <a href="#" class="method navigator-link" panel-name="suite-Suite" title="com.dca.testcases.SupplierOnlyTest" hash-for-method="supplier_only_test(test building, vendor company, xyz@gmail.com, 1234512345, LancapeYard Area, Bangalore, xyz.com, Anja...)">supplier_only_test(test building, vendor company, xyz@gmail.com, 1234512345, LancapeYard Area, Bangalore, xyz.com, Anja...)</a> <!-- method navigator-link -->
                      </span>
                      <br/>
                    </div> <!-- method-list-content passed suite-Suite -->
                  </li>
                </ul>
              </div> <!-- suite-section-content -->
            </div> <!-- result-section -->
          </div> <!-- navigator-suite-content -->
        </div> <!-- rounded-window -->
      </div> <!-- suite -->
    </div> <!-- navigator-root -->
    <div class="wrapper">
      <div class="main-panel-root">
        <div panel-name="suite-Suite" class="panel Suite">
          <div class="suite-Suite-class-failed">
            <div class="main-panel-header rounded-window-top">
              <img src="failed.png"/>
              <span class="class-name">com.dca.testcases.FieldManagementToolTest</span>
            </div> <!-- main-panel-header rounded-window-top -->
            <div class="main-panel-content rounded-window-bottom">
              <div class="method">
                <div class="method-content">
                  <a name="fieldmanagetool(test building, Floor 1, floor checking, Valerie Valdez, 15122020, 17122020, 220, Testing, Assigned, ...)">
                  </a> <!-- fieldmanagetool(test building, Floor 1, floor checking, Valerie Valdez, 15122020, 17122020, 220, Testing, Assigned, ...) -->
                  <span class="method-name">fieldmanagetool</span>
                  <span class="parameters">(test building, Floor 1, floor checking, Valerie Valdez, 15122020, 17122020, 220, Testing, Assigned, Completed)</span>
                  <div class="stack-trace">org.openqa.selenium.NoSuchElementException: Cannot locate element with text: floor checking
For documentation on this error, please visit: https://www.seleniumhq.org/exceptions/no_such_element.html
Build info: version: &apos;3.141.59&apos;, revision: &apos;e82be7d358&apos;, time: &apos;2018-11-14T08:17:03&apos;
System info: host: &apos;DESKTOP-I5DTRDH&apos;, ip: &apos;192.168.1.19&apos;, os.name: &apos;Windows 10&apos;, os.arch: &apos;amd64&apos;, os.version: &apos;10.0&apos;, java.version: &apos;1.8.0_261&apos;
Driver info: driver.version: ActionDriver
	at org.openqa.selenium.support.ui.Select.selectByVisibleText(Select.java:147)
	at com.dca.action.ActionDriver.selByVisibleText(ActionDriver.java:28)
	at com.dca.pages.FieldManagementToolPage.fieldmanage(FieldManagementToolPage.java:65)
	at com.dca.testcases.FieldManagementToolTest.fieldmanagetool(FieldManagementToolTest.java:33)
	at java.util.ArrayList.forEach(Unknown Source)
... Removed 27 stack frames
</div> <!-- stack-trace -->
                </div> <!-- method-content -->
              </div> <!-- method -->
            </div> <!-- main-panel-content rounded-window-bottom -->
          </div> <!-- suite-Suite-class-failed -->
          <div class="suite-Suite-class-failed">
            <div class="main-panel-header rounded-window-top">
              <img src="failed.png"/>
              <span class="class-name">com.dca.testcases.CasasEmployeeTest</span>
            </div> <!-- main-panel-header rounded-window-top -->
            <div class="main-panel-content rounded-window-bottom">
              <div class="method">
                <div class="method-content">
                  <a name="casasemployee(test building, Sushant, 1.234512345E9, xyz@gmail.com, Architect, Bangalore, Ann Dumaual, 2020-12-10,...)">
                  </a> <!-- casasemployee(test building, Sushant, 1.234512345E9, xyz@gmail.com, Architect, Bangalore, Ann Dumaual, 2020-12-10,...) -->
                  <span class="method-name">casasemployee</span>
                  <span class="parameters">(test building, Sushant, 1.234512345E9, xyz@gmail.com, Architect, Bangalore, Ann Dumaual, 2020-12-10, 12, 24, 15121996, 23.0, Full Time Employemnt, Bangalore, 1.234512345E9, 45, 5000, 1200)</span>
                  <div class="stack-trace">org.openqa.selenium.NoSuchElementException: no such element: Unable to locate element: {&quot;method&quot;:&quot;xpath&quot;,&quot;selector&quot;:&quot;//button[contains(text(),&apos;OK&apos;)]&quot;}
  (Session info: chrome=86.0.4240.198)
For documentation on this error, please visit: https://www.seleniumhq.org/exceptions/no_such_element.html
Build info: version: &apos;3.141.59&apos;, revision: &apos;e82be7d358&apos;, time: &apos;2018-11-14T08:17:03&apos;
System info: host: &apos;DESKTOP-I5DTRDH&apos;, ip: &apos;192.168.1.19&apos;, os.name: &apos;Windows 10&apos;, os.arch: &apos;amd64&apos;, os.version: &apos;10.0&apos;, java.version: &apos;1.8.0_261&apos;
Driver info: org.openqa.selenium.chrome.ChromeDriver
Capabilities {acceptInsecureCerts: false, browserName: chrome, browserVersion: 86.0.4240.198, chrome: {chromedriverVersion: 86.0.4240.22 (398b0743353ff..., userDataDir: C:\Users\AMAZEI~1\AppData\L...}, goog:chromeOptions: {debuggerAddress: localhost:62069}, javascriptEnabled: true, networkConnectionEnabled: false, pageLoadStrategy: normal, platform: WINDOWS, platformName: WINDOWS, proxy: Proxy(), setWindowRect: true, strictFileInteractability: false, timeouts: {implicit: 0, pageLoad: 300000, script: 30000}, unhandledPromptBehavior: dismiss and notify, webauthn:virtualAuthenticators: true}
Session ID: 2a9fa74d0485e702a86094316fd9a85c
*** Element info: {Using=xpath, value=//button[contains(text(),&apos;OK&apos;)]}
	at org.openqa.selenium.remote.http.W3CHttpResponseCodec.createException(W3CHttpResponseCodec.java:187)
	at org.openqa.selenium.remote.http.W3CHttpResponseCodec.decode(W3CHttpResponseCodec.java:122)
	at org.openqa.selenium.remote.http.W3CHttpResponseCodec.decode(W3CHttpResponseCodec.java:49)
	at org.openqa.selenium.remote.HttpCommandExecutor.execute(HttpCommandExecutor.java:158)
	at org.openqa.selenium.remote.service.DriverCommandExecutor.execute(DriverCommandExecutor.java:83)
	at org.openqa.selenium.remote.RemoteWebDriver.execute(RemoteWebDriver.java:552)
	at org.openqa.selenium.remote.RemoteWebDriver.findElement(RemoteWebDriver.java:323)
	at org.openqa.selenium.remote.RemoteWebDriver.findElementByXPath(RemoteWebDriver.java:428)
	at org.openqa.selenium.By$ByXPath.findElement(By.java:353)
	at org.openqa.selenium.remote.RemoteWebDriver.findElement(RemoteWebDriver.java:315)
	at org.openqa.selenium.support.pagefactory.DefaultElementLocator.findElement(DefaultElementLocator.java:69)
	at org.openqa.selenium.support.pagefactory.internal.LocatingElementHandler.invoke(LocatingElementHandler.java:38)
	at com.sun.proxy.$Proxy11.click(Unknown Source)
	at com.dca.pages.CasasEmployeePage.casasemployee(CasasEmployeePage.java:156)
	at com.dca.testcases.CasasEmployeeTest.casasemployee(CasasEmployeeTest.java:35)
	at java.util.ArrayList.forEach(Unknown Source)
... Removed 31 stack frames
</div> <!-- stack-trace -->
                </div> <!-- method-content -->
              </div> <!-- method -->
            </div> <!-- main-panel-content rounded-window-bottom -->
          </div> <!-- suite-Suite-class-failed -->
          <div class="suite-Suite-class-failed">
            <div class="main-panel-header rounded-window-top">
              <img src="failed.png"/>
              <span class="class-name">com.dca.testcases.Announcementtest</span>
            </div> <!-- main-panel-header rounded-window-top -->
            <div class="main-panel-content rounded-window-bottom">
              <div class="method">
                <div class="method-content">
                  <a name="announcements(test building, Hoilday, holiday for all the staffs due to corona, 25112020, 1300, it will be paid le...)">
                  </a> <!-- announcements(test building, Hoilday, holiday for all the staffs due to corona, 25112020, 1300, it will be paid le...) -->
                  <span class="method-name">announcements</span>
                  <span class="parameters">(test building, Hoilday, holiday for all the staffs due to corona, 25112020, 1300, it will be paid leave, office, 26112020)</span>
                  <div class="stack-trace">org.openqa.selenium.ElementClickInterceptedException: element click intercepted: Element is not clickable at point (157, 627)
  (Session info: chrome=86.0.4240.198)
Build info: version: &apos;3.141.59&apos;, revision: &apos;e82be7d358&apos;, time: &apos;2018-11-14T08:17:03&apos;
System info: host: &apos;DESKTOP-I5DTRDH&apos;, ip: &apos;192.168.1.19&apos;, os.name: &apos;Windows 10&apos;, os.arch: &apos;amd64&apos;, os.version: &apos;10.0&apos;, java.version: &apos;1.8.0_261&apos;
Driver info: org.openqa.selenium.chrome.ChromeDriver
Capabilities {acceptInsecureCerts: false, browserName: chrome, browserVersion: 86.0.4240.198, chrome: {chromedriverVersion: 86.0.4240.22 (398b0743353ff..., userDataDir: C:\Users\AMAZEI~1\AppData\L...}, goog:chromeOptions: {debuggerAddress: localhost:62593}, javascriptEnabled: true, networkConnectionEnabled: false, pageLoadStrategy: normal, platform: WINDOWS, platformName: WINDOWS, proxy: Proxy(), setWindowRect: true, strictFileInteractability: false, timeouts: {implicit: 0, pageLoad: 300000, script: 30000}, unhandledPromptBehavior: dismiss and notify, webauthn:virtualAuthenticators: true}
Session ID: 27682c184250488ff7e084c484fa4283
	at org.openqa.selenium.remote.http.W3CHttpResponseCodec.createException(W3CHttpResponseCodec.java:187)
	at org.openqa.selenium.remote.http.W3CHttpResponseCodec.decode(W3CHttpResponseCodec.java:122)
	at org.openqa.selenium.remote.http.W3CHttpResponseCodec.decode(W3CHttpResponseCodec.java:49)
	at org.openqa.selenium.remote.HttpCommandExecutor.execute(HttpCommandExecutor.java:158)
	at org.openqa.selenium.remote.service.DriverCommandExecutor.execute(DriverCommandExecutor.java:83)
	at org.openqa.selenium.remote.RemoteWebDriver.execute(RemoteWebDriver.java:552)
	at org.openqa.selenium.remote.RemoteWebElement.execute(RemoteWebElement.java:285)
	at org.openqa.selenium.remote.RemoteWebElement.click(RemoteWebElement.java:84)
	at org.openqa.selenium.support.pagefactory.internal.LocatingElementHandler.invoke(LocatingElementHandler.java:51)
	at com.sun.proxy.$Proxy11.click(Unknown Source)
	at com.dca.pages.PropertyActionsPage.dropannouncement(PropertyActionsPage.java:421)
	at com.dca.testcases.Announcementtest.announcements(Announcementtest.java:33)
	at java.util.ArrayList.forEach(Unknown Source)
... Removed 34 stack frames
</div> <!-- stack-trace -->
                </div> <!-- method-content -->
              </div> <!-- method -->
            </div> <!-- main-panel-content rounded-window-bottom -->
          </div> <!-- suite-Suite-class-failed -->
          <div class="suite-Suite-class-failed">
            <div class="main-panel-header rounded-window-top">
              <img src="failed.png"/>
              <span class="class-name">com.dca.testcases.ProjectTimelines1Test</span>
            </div> <!-- main-panel-header rounded-window-top -->
            <div class="main-panel-content rounded-window-bottom">
              <div class="method">
                <div class="method-content">
                  <a name="protimeline(test building, PRE-DESIGN PHASE , PAWB, 20122020, 21122020, Valerie Valdez , none)">
                  </a> <!-- protimeline(test building, PRE-DESIGN PHASE , PAWB, 20122020, 21122020, Valerie Valdez , none) -->
                  <span class="method-name">protimeline</span>
                  <span class="parameters">(test building, PRE-DESIGN PHASE , PAWB, 20122020, 21122020, Valerie Valdez , none)</span>
                  <div class="stack-trace">org.openqa.selenium.NoSuchElementException: Cannot locate element with text: Valerie Valdez 
For documentation on this error, please visit: https://www.seleniumhq.org/exceptions/no_such_element.html
Build info: version: &apos;3.141.59&apos;, revision: &apos;e82be7d358&apos;, time: &apos;2018-11-14T08:17:03&apos;
System info: host: &apos;DESKTOP-I5DTRDH&apos;, ip: &apos;192.168.1.19&apos;, os.name: &apos;Windows 10&apos;, os.arch: &apos;amd64&apos;, os.version: &apos;10.0&apos;, java.version: &apos;1.8.0_261&apos;
Driver info: driver.version: ActionDriver
	at org.openqa.selenium.support.ui.Select.selectByVisibleText(Select.java:147)
	at com.dca.action.ActionDriver.selByVisibleText(ActionDriver.java:28)
	at com.dca.pages.ProjectTimelines1page.projecttimeline(ProjectTimelines1page.java:162)
	at com.dca.testcases.ProjectTimelines1Test.protimeline(ProjectTimelines1Test.java:32)
	at java.util.ArrayList.forEach(Unknown Source)
... Removed 27 stack frames
</div> <!-- stack-trace -->
                </div> <!-- method-content -->
              </div> <!-- method -->
            </div> <!-- main-panel-content rounded-window-bottom -->
          </div> <!-- suite-Suite-class-failed -->
          <div class="suite-Suite-class-failed">
            <div class="main-panel-header rounded-window-top">
              <img src="failed.png"/>
              <span class="class-name">com.dca.testcases.SupplierOnlyTest</span>
            </div> <!-- main-panel-header rounded-window-top -->
            <div class="main-panel-content rounded-window-bottom">
              <div class="method">
                <div class="method-content">
                  <a name="inventory(test building, Drawing Materials, Drawing, mobile, Testing, 20112020, 2000, Inventory PO, 13122020, ...)">
                  </a> <!-- inventory(test building, Drawing Materials, Drawing, mobile, Testing, 20112020, 2000, Inventory PO, 13122020, ...) -->
                  <span class="method-name">inventory</span>
                  <span class="parameters">(test building, Drawing Materials, Drawing, mobile, Testing, 20112020, 2000, Inventory PO, 13122020, 10, Testing, 5000.0, rahul, Sanath, Testing , Srikanth, Civil Contractor)</span>
                  <div class="stack-trace">org.openqa.selenium.ElementNotInteractableException: element not interactable
  (Session info: chrome=86.0.4240.198)
Build info: version: &apos;3.141.59&apos;, revision: &apos;e82be7d358&apos;, time: &apos;2018-11-14T08:17:03&apos;
System info: host: &apos;DESKTOP-I5DTRDH&apos;, ip: &apos;192.168.1.19&apos;, os.name: &apos;Windows 10&apos;, os.arch: &apos;amd64&apos;, os.version: &apos;10.0&apos;, java.version: &apos;1.8.0_261&apos;
Driver info: org.openqa.selenium.chrome.ChromeDriver
Capabilities {acceptInsecureCerts: false, browserName: chrome, browserVersion: 86.0.4240.198, chrome: {chromedriverVersion: 86.0.4240.22 (398b0743353ff..., userDataDir: C:\Users\AMAZEI~1\AppData\L...}, goog:chromeOptions: {debuggerAddress: localhost:62719}, javascriptEnabled: true, networkConnectionEnabled: false, pageLoadStrategy: normal, platform: WINDOWS, platformName: WINDOWS, proxy: Proxy(), setWindowRect: true, strictFileInteractability: false, timeouts: {implicit: 0, pageLoad: 300000, script: 30000}, unhandledPromptBehavior: dismiss and notify, webauthn:virtualAuthenticators: true}
Session ID: 27e56d2f3f027377607b1b95dc1cb7a0
	at org.openqa.selenium.remote.http.W3CHttpResponseCodec.createException(W3CHttpResponseCodec.java:187)
	at org.openqa.selenium.remote.http.W3CHttpResponseCodec.decode(W3CHttpResponseCodec.java:122)
	at org.openqa.selenium.remote.http.W3CHttpResponseCodec.decode(W3CHttpResponseCodec.java:49)
	at org.openqa.selenium.remote.HttpCommandExecutor.execute(HttpCommandExecutor.java:158)
	at org.openqa.selenium.remote.service.DriverCommandExecutor.execute(DriverCommandExecutor.java:83)
	at org.openqa.selenium.remote.RemoteWebDriver.execute(RemoteWebDriver.java:552)
	at org.openqa.selenium.remote.RemoteWebElement.execute(RemoteWebElement.java:285)
	at org.openqa.selenium.remote.RemoteWebElement.click(RemoteWebElement.java:84)
	at org.openqa.selenium.support.pagefactory.internal.LocatingElementHandler.invoke(LocatingElementHandler.java:51)
	at com.sun.proxy.$Proxy11.click(Unknown Source)
	at com.dca.pages.PropertyActionsPage.inventory(PropertyActionsPage.java:319)
	at com.dca.testcases.SupplierOnlyTest.inventory(SupplierOnlyTest.java:59)
	at java.util.ArrayList.forEach(Unknown Source)
... Removed 34 stack frames
</div> <!-- stack-trace -->
                </div> <!-- method-content -->
              </div> <!-- method -->
            </div> <!-- main-panel-content rounded-window-bottom -->
          </div> <!-- suite-Suite-class-failed -->
          <div class="suite-Suite-class-failed">
            <div class="main-panel-header rounded-window-top">
              <img src="failed.png"/>
              <span class="class-name">com.dca.testcases.SupplierInvoiceTest</span>
            </div> <!-- main-panel-header rounded-window-top -->
            <div class="main-panel-content rounded-window-bottom">
              <div class="method">
                <div class="method-content">
                  <a name="supplier_invoice_test(test building, 12152020, inv11109006, 12152020, Test, 51, 5, 50, 5, test, Cash, test, 1.0, test, Ban...)">
                  </a> <!-- supplier_invoice_test(test building, 12152020, inv11109006, 12152020, Test, 51, 5, 50, 5, test, Cash, test, 1.0, test, Ban...) -->
                  <span class="method-name">supplier_invoice_test</span>
                  <span class="parameters">(test building, 12152020, inv11109006, 12152020, Test, 51, 5, 50, 5, test, Cash, test, 1.0, test, Bangalore, Floor 1, bangalore, 5, 2, 12122020, Staff, Test, Drawing Materials, Drawing, Valerie Valdez)</span>
                  <div class="stack-trace">org.openqa.selenium.NoSuchElementException: Cannot locate option with index: 1
For documentation on this error, please visit: https://www.seleniumhq.org/exceptions/no_such_element.html
Build info: version: &apos;3.141.59&apos;, revision: &apos;e82be7d358&apos;, time: &apos;2018-11-14T08:17:03&apos;
System info: host: &apos;DESKTOP-I5DTRDH&apos;, ip: &apos;192.168.1.19&apos;, os.name: &apos;Windows 10&apos;, os.arch: &apos;amd64&apos;, os.version: &apos;10.0&apos;, java.version: &apos;1.8.0_261&apos;
Driver info: driver.version: ActionDriver
	at org.openqa.selenium.support.ui.Select.setSelectedByIndex(Select.java:297)
	at org.openqa.selenium.support.ui.Select.selectByIndex(Select.java:172)
	at com.dca.action.ActionDriver.selByIndex(ActionDriver.java:24)
	at com.dca.pages.SupplierInvoice.supplierinvoice(SupplierInvoice.java:235)
	at com.dca.testcases.SupplierInvoiceTest.supplier_invoice_test(SupplierInvoiceTest.java:38)
	at java.util.ArrayList.forEach(Unknown Source)
... Removed 27 stack frames
</div> <!-- stack-trace -->
                </div> <!-- method-content -->
              </div> <!-- method -->
            </div> <!-- main-panel-content rounded-window-bottom -->
          </div> <!-- suite-Suite-class-failed -->
          <div class="suite-Suite-class-failed">
            <div class="main-panel-header rounded-window-top">
              <img src="failed.png"/>
              <span class="class-name">com.dca.testcases.AseetsTest</span>
            </div> <!-- main-panel-header rounded-window-top -->
            <div class="main-panel-content rounded-window-bottom">
              <div class="method">
                <div class="method-content">
                  <a name="assets(test building, Tv, Electrical, Floor 1, Electrical, samsung, 1111, 12112020, sam, sam ele, 812998140...)">
                  </a> <!-- assets(test building, Tv, Electrical, Floor 1, Electrical, samsung, 1111, 12112020, sam, sam ele, 812998140...) -->
                  <span class="method-name">assets</span>
                  <span class="parameters">(test building, Tv, Electrical, Floor 1, Electrical, samsung, 1111, 12112020, sam, sam ele, 8129981409, sam@gmail.com, 2, 12112021, 12122020, 12012021, 11122, 20000, 5, 3 Months Before , Milan Paper Suppliers , new vendor)</span>
                  <div class="stack-trace">org.openqa.selenium.NoSuchElementException: no such element: Unable to locate element: {&quot;method&quot;:&quot;link text&quot;,&quot;selector&quot;:&quot;Asset&quot;}
  (Session info: chrome=86.0.4240.198)
For documentation on this error, please visit: https://www.seleniumhq.org/exceptions/no_such_element.html
Build info: version: &apos;3.141.59&apos;, revision: &apos;e82be7d358&apos;, time: &apos;2018-11-14T08:17:03&apos;
System info: host: &apos;DESKTOP-I5DTRDH&apos;, ip: &apos;192.168.1.19&apos;, os.name: &apos;Windows 10&apos;, os.arch: &apos;amd64&apos;, os.version: &apos;10.0&apos;, java.version: &apos;1.8.0_261&apos;
Driver info: org.openqa.selenium.chrome.ChromeDriver
Capabilities {acceptInsecureCerts: false, browserName: chrome, browserVersion: 86.0.4240.198, chrome: {chromedriverVersion: 86.0.4240.22 (398b0743353ff..., userDataDir: C:\Users\AMAZEI~1\AppData\L...}, goog:chromeOptions: {debuggerAddress: localhost:62777}, javascriptEnabled: true, networkConnectionEnabled: false, pageLoadStrategy: normal, platform: WINDOWS, platformName: WINDOWS, proxy: Proxy(), setWindowRect: true, strictFileInteractability: false, timeouts: {implicit: 0, pageLoad: 300000, script: 30000}, unhandledPromptBehavior: dismiss and notify, webauthn:virtualAuthenticators: true}
Session ID: 839f740c908fedb5db30af18a72b79b2
*** Element info: {Using=link text, value=Asset}
	at org.openqa.selenium.remote.http.W3CHttpResponseCodec.createException(W3CHttpResponseCodec.java:187)
	at org.openqa.selenium.remote.http.W3CHttpResponseCodec.decode(W3CHttpResponseCodec.java:122)
	at org.openqa.selenium.remote.http.W3CHttpResponseCodec.decode(W3CHttpResponseCodec.java:49)
	at org.openqa.selenium.remote.HttpCommandExecutor.execute(HttpCommandExecutor.java:158)
	at org.openqa.selenium.remote.service.DriverCommandExecutor.execute(DriverCommandExecutor.java:83)
	at org.openqa.selenium.remote.RemoteWebDriver.execute(RemoteWebDriver.java:552)
	at org.openqa.selenium.remote.RemoteWebDriver.findElement(RemoteWebDriver.java:323)
	at org.openqa.selenium.remote.RemoteWebDriver.findElementByLinkText(RemoteWebDriver.java:380)
	at org.openqa.selenium.By$ByLinkText.findElement(By.java:220)
	at org.openqa.selenium.remote.RemoteWebDriver.findElement(RemoteWebDriver.java:315)
	at org.openqa.selenium.support.pagefactory.DefaultElementLocator.findElement(DefaultElementLocator.java:69)
	at org.openqa.selenium.support.pagefactory.internal.LocatingElementHandler.invoke(LocatingElementHandler.java:38)
	at com.sun.proxy.$Proxy11.click(Unknown Source)
	at com.dca.pages.PropertyActionsPage.dropasset(PropertyActionsPage.java:400)
	at com.dca.testcases.AseetsTest.assets(AseetsTest.java:33)
	at java.util.ArrayList.forEach(Unknown Source)
... Removed 31 stack frames
</div> <!-- stack-trace -->
                </div> <!-- method-content -->
              </div> <!-- method -->
            </div> <!-- main-panel-content rounded-window-bottom -->
          </div> <!-- suite-Suite-class-failed -->
          <div class="suite-Suite-class-failed">
            <div class="main-panel-header rounded-window-top">
              <img src="failed.png"/>
              <span class="class-name">com.dca.testcases.PunchlistMastersTest</span>
            </div> <!-- main-panel-header rounded-window-top -->
            <div class="main-panel-content rounded-window-bottom">
              <div class="method">
                <div class="method-content">
                  <a name="punchlistmaster(test building, floor checking, manila, floor checking at manila, internal, floor tiles checking)">
                  </a> <!-- punchlistmaster(test building, floor checking, manila, floor checking at manila, internal, floor tiles checking) -->
                  <span class="method-name">punchlistmaster</span>
                  <span class="parameters">(test building, floor checking, manila, floor checking at manila, internal, floor tiles checking)</span>
                  <div class="stack-trace">org.openqa.selenium.ElementNotInteractableException: element not interactable
  (Session info: chrome=86.0.4240.198)
Build info: version: &apos;3.141.59&apos;, revision: &apos;e82be7d358&apos;, time: &apos;2018-11-14T08:17:03&apos;
System info: host: &apos;DESKTOP-I5DTRDH&apos;, ip: &apos;192.168.1.19&apos;, os.name: &apos;Windows 10&apos;, os.arch: &apos;amd64&apos;, os.version: &apos;10.0&apos;, java.version: &apos;1.8.0_261&apos;
Driver info: org.openqa.selenium.chrome.ChromeDriver
Capabilities {acceptInsecureCerts: false, browserName: chrome, browserVersion: 86.0.4240.198, chrome: {chromedriverVersion: 86.0.4240.22 (398b0743353ff..., userDataDir: C:\Users\AMAZEI~1\AppData\L...}, goog:chromeOptions: {debuggerAddress: localhost:63007}, javascriptEnabled: true, networkConnectionEnabled: false, pageLoadStrategy: normal, platform: WINDOWS, platformName: WINDOWS, proxy: Proxy(), setWindowRect: true, strictFileInteractability: false, timeouts: {implicit: 0, pageLoad: 300000, script: 30000}, unhandledPromptBehavior: dismiss and notify, webauthn:virtualAuthenticators: true}
Session ID: 4e0344ce22751e4bbefe6868dc0d0558
	at org.openqa.selenium.remote.http.W3CHttpResponseCodec.createException(W3CHttpResponseCodec.java:187)
	at org.openqa.selenium.remote.http.W3CHttpResponseCodec.decode(W3CHttpResponseCodec.java:122)
	at org.openqa.selenium.remote.http.W3CHttpResponseCodec.decode(W3CHttpResponseCodec.java:49)
	at org.openqa.selenium.remote.HttpCommandExecutor.execute(HttpCommandExecutor.java:158)
	at org.openqa.selenium.remote.service.DriverCommandExecutor.execute(DriverCommandExecutor.java:83)
	at org.openqa.selenium.remote.RemoteWebDriver.execute(RemoteWebDriver.java:552)
	at org.openqa.selenium.remote.RemoteWebElement.execute(RemoteWebElement.java:285)
	at org.openqa.selenium.remote.RemoteWebElement.click(RemoteWebElement.java:84)
	at org.openqa.selenium.support.pagefactory.internal.LocatingElementHandler.invoke(LocatingElementHandler.java:51)
	at com.sun.proxy.$Proxy11.click(Unknown Source)
	at com.dca.pages.PropertyActionsPage.droppunchlistmastert(PropertyActionsPage.java:433)
	at com.dca.testcases.PunchlistMastersTest.punchlistmaster(PunchlistMastersTest.java:30)
	at java.util.ArrayList.forEach(Unknown Source)
... Removed 34 stack frames
</div> <!-- stack-trace -->
                </div> <!-- method-content -->
              </div> <!-- method -->
            </div> <!-- main-panel-content rounded-window-bottom -->
          </div> <!-- suite-Suite-class-failed -->
          <div class="suite-Suite-class-failed">
            <div class="main-panel-header rounded-window-top">
              <img src="failed.png"/>
              <span class="class-name">com.dca.testcases.BudgetDashboardTest</span>
            </div> <!-- main-panel-header rounded-window-top -->
            <div class="main-panel-content rounded-window-bottom">
              <div class="method">
                <div class="method-content">
                  <a name="budgetDTest(test building, SCHEMATIC DESIGN PHASE, 2, none, 3)">
                  </a> <!-- budgetDTest(test building, SCHEMATIC DESIGN PHASE, 2, none, 3) -->
                  <span class="method-name">budgetDTest</span>
                  <span class="parameters">(test building, SCHEMATIC DESIGN PHASE, 2, none, 3)</span>
                  <div class="stack-trace">org.openqa.selenium.ElementNotInteractableException: element not interactable
  (Session info: chrome=86.0.4240.198)
Build info: version: &apos;3.141.59&apos;, revision: &apos;e82be7d358&apos;, time: &apos;2018-11-14T08:17:03&apos;
System info: host: &apos;DESKTOP-I5DTRDH&apos;, ip: &apos;192.168.1.19&apos;, os.name: &apos;Windows 10&apos;, os.arch: &apos;amd64&apos;, os.version: &apos;10.0&apos;, java.version: &apos;1.8.0_261&apos;
Driver info: org.openqa.selenium.chrome.ChromeDriver
Capabilities {acceptInsecureCerts: false, browserName: chrome, browserVersion: 86.0.4240.198, chrome: {chromedriverVersion: 86.0.4240.22 (398b0743353ff..., userDataDir: C:\Users\AMAZEI~1\AppData\L...}, goog:chromeOptions: {debuggerAddress: localhost:62442}, javascriptEnabled: true, networkConnectionEnabled: false, pageLoadStrategy: normal, platform: WINDOWS, platformName: WINDOWS, proxy: Proxy(), setWindowRect: true, strictFileInteractability: false, timeouts: {implicit: 0, pageLoad: 300000, script: 30000}, unhandledPromptBehavior: dismiss and notify, webauthn:virtualAuthenticators: true}
Session ID: 97a5201520f4871c79938e2a63c9824a
	at org.openqa.selenium.remote.http.W3CHttpResponseCodec.createException(W3CHttpResponseCodec.java:187)
	at org.openqa.selenium.remote.http.W3CHttpResponseCodec.decode(W3CHttpResponseCodec.java:122)
	at org.openqa.selenium.remote.http.W3CHttpResponseCodec.decode(W3CHttpResponseCodec.java:49)
	at org.openqa.selenium.remote.HttpCommandExecutor.execute(HttpCommandExecutor.java:158)
	at org.openqa.selenium.remote.service.DriverCommandExecutor.execute(DriverCommandExecutor.java:83)
	at org.openqa.selenium.remote.RemoteWebDriver.execute(RemoteWebDriver.java:552)
	at org.openqa.selenium.remote.RemoteWebElement.execute(RemoteWebElement.java:285)
	at org.openqa.selenium.remote.RemoteWebElement.click(RemoteWebElement.java:84)
	at org.openqa.selenium.support.pagefactory.internal.LocatingElementHandler.invoke(LocatingElementHandler.java:51)
	at com.sun.proxy.$Proxy11.click(Unknown Source)
	at com.dca.pages.PropertyActionsPage.dropbupage(PropertyActionsPage.java:349)
	at com.dca.testcases.BudgetDashboardTest.budgetDTest(BudgetDashboardTest.java:31)
	at java.util.ArrayList.forEach(Unknown Source)
... Removed 34 stack frames
</div> <!-- stack-trace -->
                </div> <!-- method-content -->
              </div> <!-- method -->
            </div> <!-- main-panel-content rounded-window-bottom -->
          </div> <!-- suite-Suite-class-failed -->
          <div class="suite-Suite-class-failed">
            <div class="main-panel-header rounded-window-top">
              <img src="failed.png"/>
              <span class="class-name">com.dca.testcases.LabourTest</span>
            </div> <!-- main-panel-header rounded-window-top -->
            <div class="main-panel-content rounded-window-bottom">
              <div class="method">
                <div class="method-content">
                  <a name="labour_test(test building, Architect, Ann Dumaual)">
                  </a> <!-- labour_test(test building, Architect, Ann Dumaual) -->
                  <span class="method-name">labour_test</span>
                  <span class="parameters">(test building, Architect, Ann Dumaual)</span>
                  <div class="stack-trace">org.openqa.selenium.NoSuchElementException: no such element: Unable to locate element: {&quot;method&quot;:&quot;xpath&quot;,&quot;selector&quot;:&quot;//tbody/tr[2]/td[7]/i[2]&quot;}
  (Session info: chrome=86.0.4240.198)
For documentation on this error, please visit: https://www.seleniumhq.org/exceptions/no_such_element.html
Build info: version: &apos;3.141.59&apos;, revision: &apos;e82be7d358&apos;, time: &apos;2018-11-14T08:17:03&apos;
System info: host: &apos;DESKTOP-I5DTRDH&apos;, ip: &apos;192.168.1.19&apos;, os.name: &apos;Windows 10&apos;, os.arch: &apos;amd64&apos;, os.version: &apos;10.0&apos;, java.version: &apos;1.8.0_261&apos;
Driver info: org.openqa.selenium.chrome.ChromeDriver
Capabilities {acceptInsecureCerts: false, browserName: chrome, browserVersion: 86.0.4240.198, chrome: {chromedriverVersion: 86.0.4240.22 (398b0743353ff..., userDataDir: C:\Users\AMAZEI~1\AppData\L...}, goog:chromeOptions: {debuggerAddress: localhost:63499}, javascriptEnabled: true, networkConnectionEnabled: false, pageLoadStrategy: normal, platform: WINDOWS, platformName: WINDOWS, proxy: Proxy(), setWindowRect: true, strictFileInteractability: false, timeouts: {implicit: 0, pageLoad: 300000, script: 30000}, unhandledPromptBehavior: dismiss and notify, webauthn:virtualAuthenticators: true}
Session ID: f25ec41edb1dbd5f46d3003d1a174dfe
*** Element info: {Using=xpath, value=//tbody/tr[2]/td[7]/i[2]}
	at org.openqa.selenium.remote.http.W3CHttpResponseCodec.createException(W3CHttpResponseCodec.java:187)
	at org.openqa.selenium.remote.http.W3CHttpResponseCodec.decode(W3CHttpResponseCodec.java:122)
	at org.openqa.selenium.remote.http.W3CHttpResponseCodec.decode(W3CHttpResponseCodec.java:49)
	at org.openqa.selenium.remote.HttpCommandExecutor.execute(HttpCommandExecutor.java:158)
	at org.openqa.selenium.remote.service.DriverCommandExecutor.execute(DriverCommandExecutor.java:83)
	at org.openqa.selenium.remote.RemoteWebDriver.execute(RemoteWebDriver.java:552)
	at org.openqa.selenium.remote.RemoteWebDriver.findElement(RemoteWebDriver.java:323)
	at org.openqa.selenium.remote.RemoteWebDriver.findElementByXPath(RemoteWebDriver.java:428)
	at org.openqa.selenium.By$ByXPath.findElement(By.java:353)
	at org.openqa.selenium.remote.RemoteWebDriver.findElement(RemoteWebDriver.java:315)
	at org.openqa.selenium.support.pagefactory.DefaultElementLocator.findElement(DefaultElementLocator.java:69)
	at org.openqa.selenium.support.pagefactory.internal.LocatingElementHandler.invoke(LocatingElementHandler.java:38)
	at com.sun.proxy.$Proxy11.click(Unknown Source)
	at com.dca.pages.LabourPage.labour(LabourPage.java:38)
	at com.dca.testcases.LabourTest.labour_test(LabourTest.java:30)
	at java.util.ArrayList.forEach(Unknown Source)
... Removed 31 stack frames
</div> <!-- stack-trace -->
                </div> <!-- method-content -->
              </div> <!-- method -->
            </div> <!-- main-panel-content rounded-window-bottom -->
          </div> <!-- suite-Suite-class-failed -->
          <div class="suite-Suite-class-failed">
            <div class="main-panel-header rounded-window-top">
              <img src="failed.png"/>
              <span class="class-name">com.dca.testcases.ProjectEmailsTest</span>
            </div> <!-- main-panel-header rounded-window-top -->
            <div class="main-panel-content rounded-window-bottom">
              <div class="method">
                <div class="method-content">
                  <a name="emailTest(test building, abc@gmail.com, Testing123, 11112020)">
                  </a> <!-- emailTest(test building, abc@gmail.com, Testing123, 11112020) -->
                  <span class="method-name">emailTest</span>
                  <span class="parameters">(test building, abc@gmail.com, Testing123, 11112020)</span>
                  <div class="stack-trace">org.openqa.selenium.NoSuchElementException: no such element: Unable to locate element: {&quot;method&quot;:&quot;xpath&quot;,&quot;selector&quot;:&quot;//button[contains(text(),&apos;OK&apos;)]&quot;}
  (Session info: chrome=86.0.4240.198)
For documentation on this error, please visit: https://www.seleniumhq.org/exceptions/no_such_element.html
Build info: version: &apos;3.141.59&apos;, revision: &apos;e82be7d358&apos;, time: &apos;2018-11-14T08:17:03&apos;
System info: host: &apos;DESKTOP-I5DTRDH&apos;, ip: &apos;192.168.1.19&apos;, os.name: &apos;Windows 10&apos;, os.arch: &apos;amd64&apos;, os.version: &apos;10.0&apos;, java.version: &apos;1.8.0_261&apos;
Driver info: org.openqa.selenium.chrome.ChromeDriver
Capabilities {acceptInsecureCerts: false, browserName: chrome, browserVersion: 86.0.4240.198, chrome: {chromedriverVersion: 86.0.4240.22 (398b0743353ff..., userDataDir: C:\Users\AMAZEI~1\AppData\L...}, goog:chromeOptions: {debuggerAddress: localhost:63299}, javascriptEnabled: true, networkConnectionEnabled: false, pageLoadStrategy: normal, platform: WINDOWS, platformName: WINDOWS, proxy: Proxy(), setWindowRect: true, strictFileInteractability: false, timeouts: {implicit: 0, pageLoad: 300000, script: 30000}, unhandledPromptBehavior: dismiss and notify, webauthn:virtualAuthenticators: true}
Session ID: ed61d92ae8342bd2fd2a344f8a4c1f9b
*** Element info: {Using=xpath, value=//button[contains(text(),&apos;OK&apos;)]}
	at org.openqa.selenium.remote.http.W3CHttpResponseCodec.createException(W3CHttpResponseCodec.java:187)
	at org.openqa.selenium.remote.http.W3CHttpResponseCodec.decode(W3CHttpResponseCodec.java:122)
	at org.openqa.selenium.remote.http.W3CHttpResponseCodec.decode(W3CHttpResponseCodec.java:49)
	at org.openqa.selenium.remote.HttpCommandExecutor.execute(HttpCommandExecutor.java:158)
	at org.openqa.selenium.remote.service.DriverCommandExecutor.execute(DriverCommandExecutor.java:83)
	at org.openqa.selenium.remote.RemoteWebDriver.execute(RemoteWebDriver.java:552)
	at org.openqa.selenium.remote.RemoteWebDriver.findElement(RemoteWebDriver.java:323)
	at org.openqa.selenium.remote.RemoteWebDriver.findElementByXPath(RemoteWebDriver.java:428)
	at org.openqa.selenium.By$ByXPath.findElement(By.java:353)
	at org.openqa.selenium.remote.RemoteWebDriver.findElement(RemoteWebDriver.java:315)
	at org.openqa.selenium.support.pagefactory.DefaultElementLocator.findElement(DefaultElementLocator.java:69)
	at org.openqa.selenium.support.pagefactory.internal.LocatingElementHandler.invoke(LocatingElementHandler.java:38)
	at com.sun.proxy.$Proxy11.click(Unknown Source)
	at com.dca.pages.ProjectEmailsPage.projectemail(ProjectEmailsPage.java:68)
	at com.dca.testcases.ProjectEmailsTest.emailTest(ProjectEmailsTest.java:32)
	at java.util.ArrayList.forEach(Unknown Source)
... Removed 31 stack frames
</div> <!-- stack-trace -->
                </div> <!-- method-content -->
              </div> <!-- method -->
            </div> <!-- main-panel-content rounded-window-bottom -->
          </div> <!-- suite-Suite-class-failed -->
          <div class="suite-Suite-class-failed">
            <div class="main-panel-header rounded-window-top">
              <img src="failed.png"/>
              <span class="class-name">com.dca.testcases.CommunicationTest</span>
            </div> <!-- main-panel-header rounded-window-top -->
            <div class="main-panel-content rounded-window-bottom">
              <div class="method">
                <div class="method-content">
                  <a name="commtest(test building, Testing, Valerie Valdez, Sushant, 11122020, tesing, testing, testing 1, Sushant, test...)">
                  </a> <!-- commtest(test building, Testing, Valerie Valdez, Sushant, 11122020, tesing, testing, testing 1, Sushant, test...) -->
                  <span class="method-name">commtest</span>
                  <span class="parameters">(test building, Testing, Valerie Valdez, Sushant, 11122020, tesing, testing, testing 1, Sushant, testing)</span>
                  <div class="stack-trace">org.openqa.selenium.NoSuchElementException: Cannot locate element with text: Valerie Valdez
For documentation on this error, please visit: https://www.seleniumhq.org/exceptions/no_such_element.html
Build info: version: &apos;3.141.59&apos;, revision: &apos;e82be7d358&apos;, time: &apos;2018-11-14T08:17:03&apos;
System info: host: &apos;DESKTOP-I5DTRDH&apos;, ip: &apos;192.168.1.19&apos;, os.name: &apos;Windows 10&apos;, os.arch: &apos;amd64&apos;, os.version: &apos;10.0&apos;, java.version: &apos;1.8.0_261&apos;
Driver info: driver.version: ActionDriver
	at org.openqa.selenium.support.ui.Select.selectByVisibleText(Select.java:147)
	at com.dca.action.ActionDriver.selByVisibleText(ActionDriver.java:28)
	at com.dca.pages.Communication.communicate(Communication.java:99)
	at com.dca.testcases.CommunicationTest.commtest(CommunicationTest.java:34)
	at java.util.ArrayList.forEach(Unknown Source)
... Removed 27 stack frames
</div> <!-- stack-trace -->
                </div> <!-- method-content -->
              </div> <!-- method -->
            </div> <!-- main-panel-content rounded-window-bottom -->
          </div> <!-- suite-Suite-class-failed -->
          <div class="suite-Suite-class-failed">
            <div class="main-panel-header rounded-window-top">
              <img src="failed.png"/>
              <span class="class-name">com.dca.testcases.ArchitecturalstageMasterTest</span>
            </div> <!-- main-panel-header rounded-window-top -->
            <div class="main-panel-content rounded-window-bottom">
              <div class="method">
                <div class="method-content">
                  <a name="stagemaster(test building, SCHEMATIC DESIGN PHASE, design phase)">
                  </a> <!-- stagemaster(test building, SCHEMATIC DESIGN PHASE, design phase) -->
                  <span class="method-name">stagemaster</span>
                  <span class="parameters">(test building, SCHEMATIC DESIGN PHASE, design phase)</span>
                  <div class="stack-trace">org.openqa.selenium.ElementClickInterceptedException: element click intercepted: Element &lt;i _ngcontent-efj-c4=&quot;&quot; class=&quot;far fa-trash-alt&quot; data-toggle=&quot;tooltip&quot; title=&quot;Delete&quot;&gt;&lt;/i&gt; is not clickable at point (1243, 339). Other element would receive the click: &lt;td _ngcontent-efj-c4=&quot;&quot;&gt;...&lt;/td&gt;
  (Session info: chrome=86.0.4240.198)
Build info: version: &apos;3.141.59&apos;, revision: &apos;e82be7d358&apos;, time: &apos;2018-11-14T08:17:03&apos;
System info: host: &apos;DESKTOP-I5DTRDH&apos;, ip: &apos;192.168.1.19&apos;, os.name: &apos;Windows 10&apos;, os.arch: &apos;amd64&apos;, os.version: &apos;10.0&apos;, java.version: &apos;1.8.0_261&apos;
Driver info: org.openqa.selenium.chrome.ChromeDriver
Capabilities {acceptInsecureCerts: false, browserName: chrome, browserVersion: 86.0.4240.198, chrome: {chromedriverVersion: 86.0.4240.22 (398b0743353ff..., userDataDir: C:\Users\AMAZEI~1\AppData\L...}, goog:chromeOptions: {debuggerAddress: localhost:62339}, javascriptEnabled: true, networkConnectionEnabled: false, pageLoadStrategy: normal, platform: WINDOWS, platformName: WINDOWS, proxy: Proxy(), setWindowRect: true, strictFileInteractability: false, timeouts: {implicit: 0, pageLoad: 300000, script: 30000}, unhandledPromptBehavior: dismiss and notify, webauthn:virtualAuthenticators: true}
Session ID: 507320e37025e837c3f8fa18a56f472f
	at org.openqa.selenium.remote.http.W3CHttpResponseCodec.createException(W3CHttpResponseCodec.java:187)
	at org.openqa.selenium.remote.http.W3CHttpResponseCodec.decode(W3CHttpResponseCodec.java:122)
	at org.openqa.selenium.remote.http.W3CHttpResponseCodec.decode(W3CHttpResponseCodec.java:49)
	at org.openqa.selenium.remote.HttpCommandExecutor.execute(HttpCommandExecutor.java:158)
	at org.openqa.selenium.remote.service.DriverCommandExecutor.execute(DriverCommandExecutor.java:83)
	at org.openqa.selenium.remote.RemoteWebDriver.execute(RemoteWebDriver.java:552)
	at org.openqa.selenium.remote.RemoteWebElement.execute(RemoteWebElement.java:285)
	at org.openqa.selenium.remote.RemoteWebElement.click(RemoteWebElement.java:84)
	at org.openqa.selenium.support.pagefactory.internal.LocatingElementHandler.invoke(LocatingElementHandler.java:51)
	at com.sun.proxy.$Proxy11.click(Unknown Source)
	at com.dca.pages.ArchitecturalstagemasterPage.architecturalmaster(ArchitecturalstagemasterPage.java:44)
	at com.dca.testcases.ArchitecturalstageMasterTest.stagemaster(ArchitecturalstageMasterTest.java:32)
	at java.util.ArrayList.forEach(Unknown Source)
... Removed 34 stack frames
</div> <!-- stack-trace -->
                </div> <!-- method-content -->
              </div> <!-- method -->
            </div> <!-- main-panel-content rounded-window-bottom -->
          </div> <!-- suite-Suite-class-failed -->
          <div class="suite-Suite-class-failed">
            <div class="main-panel-header rounded-window-top">
              <img src="failed.png"/>
              <span class="class-name">com.dca.testcases.StaffLeaveTest</span>
            </div> <!-- main-panel-header rounded-window-top -->
            <div class="main-panel-content rounded-window-bottom">
              <div class="method">
                <div class="method-content">
                  <a name="staff_leave(test building, Valerie Valdez, Casual Leave, 2020-12-11, 2020-12-19, Ann Dumaual, Testing, Reject, T...)">
                  </a> <!-- staff_leave(test building, Valerie Valdez, Casual Leave, 2020-12-11, 2020-12-19, Ann Dumaual, Testing, Reject, T...) -->
                  <span class="method-name">staff_leave</span>
                  <span class="parameters">(test building, Valerie Valdez, Casual Leave, 2020-12-11, 2020-12-19, Ann Dumaual, Testing, Reject, Test)</span>
                  <div class="stack-trace">org.openqa.selenium.NoSuchElementException: Cannot locate element with text: Valerie Valdez
For documentation on this error, please visit: https://www.seleniumhq.org/exceptions/no_such_element.html
Build info: version: &apos;3.141.59&apos;, revision: &apos;e82be7d358&apos;, time: &apos;2018-11-14T08:17:03&apos;
System info: host: &apos;DESKTOP-I5DTRDH&apos;, ip: &apos;192.168.1.19&apos;, os.name: &apos;Windows 10&apos;, os.arch: &apos;amd64&apos;, os.version: &apos;10.0&apos;, java.version: &apos;1.8.0_261&apos;
Driver info: driver.version: ActionDriver
	at org.openqa.selenium.support.ui.Select.selectByVisibleText(Select.java:147)
	at com.dca.action.ActionDriver.selByVisibleText(ActionDriver.java:28)
	at com.dca.pages.StaffLeavePage.staffleave(StaffLeavePage.java:94)
	at com.dca.testcases.StaffLeaveTest.staff_leave(StaffLeaveTest.java:33)
	at java.util.ArrayList.forEach(Unknown Source)
... Removed 27 stack frames
</div> <!-- stack-trace -->
                </div> <!-- method-content -->
              </div> <!-- method -->
            </div> <!-- main-panel-content rounded-window-bottom -->
          </div> <!-- suite-Suite-class-failed -->
          <div class="suite-Suite-class-passed">
            <div class="main-panel-header rounded-window-top">
              <img src="passed.png"/>
              <span class="class-name">com.dca.testcases.ClientContactTest</span>
            </div> <!-- main-panel-header rounded-window-top -->
            <div class="main-panel-content rounded-window-bottom">
              <div class="method">
                <div class="method-content">
                  <a name="client_contact(test building, Sushant, M, Software Test, xyz@gmail.com, 1234512345, Testing, Testing, Testing)">
                  </a> <!-- client_contact(test building, Sushant, M, Software Test, xyz@gmail.com, 1234512345, Testing, Testing, Testing) -->
                  <span class="method-name">client_contact</span>
                  <span class="parameters">(test building, Sushant, M, Software Test, xyz@gmail.com, 1234512345, Testing, Testing, Testing)</span>
                </div> <!-- method-content -->
              </div> <!-- method -->
            </div> <!-- main-panel-content rounded-window-bottom -->
          </div> <!-- suite-Suite-class-passed -->
          <div class="suite-Suite-class-passed">
            <div class="main-panel-header rounded-window-top">
              <img src="passed.png"/>
              <span class="class-name">com.dca.testcases.MyTaskTest</span>
            </div> <!-- main-panel-header rounded-window-top -->
            <div class="main-panel-content rounded-window-bottom">
              <div class="method">
                <div class="method-content">
                  <a name="mytasktest(test building, 19122020, 23122020, floor checking, check properly, 25122020)">
                  </a> <!-- mytasktest(test building, 19122020, 23122020, floor checking, check properly, 25122020) -->
                  <span class="method-name">mytasktest</span>
                  <span class="parameters">(test building, 19122020, 23122020, floor checking, check properly, 25122020)</span>
                </div> <!-- method-content -->
              </div> <!-- method -->
            </div> <!-- main-panel-content rounded-window-bottom -->
          </div> <!-- suite-Suite-class-passed -->
          <div class="suite-Suite-class-passed">
            <div class="main-panel-header rounded-window-top">
              <img src="passed.png"/>
              <span class="class-name">com.dca.testcases.SupplierOnlyTest</span>
            </div> <!-- main-panel-header rounded-window-top -->
            <div class="main-panel-content rounded-window-bottom">
              <div class="method">
                <div class="method-content">
                  <a name="supplier_only_test(test building, vendor company, xyz@gmail.com, 1234512345, LancapeYard Area, Bangalore, xyz.com, Anja...)">
                  </a> <!-- supplier_only_test(test building, vendor company, xyz@gmail.com, 1234512345, LancapeYard Area, Bangalore, xyz.com, Anja...) -->
                  <span class="method-name">supplier_only_test</span>
                  <span class="parameters">(test building, vendor company, xyz@gmail.com, 1234512345, LancapeYard Area, Bangalore, xyz.com, Anjali, Civil Contractor, SBI, 123123, Savings Account, Bangalore, 12345, Bangalore, Testing, 1200, 45, Civil Contractor Service, Test)</span>
                </div> <!-- method-content -->
              </div> <!-- method -->
            </div> <!-- main-panel-content rounded-window-bottom -->
          </div> <!-- suite-Suite-class-passed -->
          <div class="suite-Suite-class-passed">
            <div class="main-panel-header rounded-window-top">
              <img src="passed.png"/>
              <span class="class-name">com.dca.testcases.PropertyPageTest</span>
            </div> <!-- main-panel-header rounded-window-top -->
            <div class="main-panel-content rounded-window-bottom">
              <div class="method">
                <div class="method-content">
                  <a name="propertyreg(test building, bangalore, 1234567899, sushant, 1234567899, xyz@gmail.com, 2, 2, 4, 240, 90)">
                  </a> <!-- propertyreg(test building, bangalore, 1234567899, sushant, 1234567899, xyz@gmail.com, 2, 2, 4, 240, 90) -->
                  <span class="method-name">propertyreg</span>
                  <span class="parameters">(test building, bangalore, 1234567899, sushant, 1234567899, xyz@gmail.com, 2, 2, 4, 240, 90)</span>
                </div> <!-- method-content -->
              </div> <!-- method -->
            </div> <!-- main-panel-content rounded-window-bottom -->
          </div> <!-- suite-Suite-class-passed -->
          <div class="suite-Suite-class-passed">
            <div class="main-panel-header rounded-window-top">
              <img src="passed.png"/>
              <span class="class-name">com.dca.testcases.LocatorRequestTest</span>
            </div> <!-- main-panel-header rounded-window-top -->
            <div class="main-panel-content rounded-window-bottom">
              <div class="method">
                <div class="method-content">
                  <a name="locator_test(test building, 11112020, bangalore, meeting, 12121, 13121)">
                  </a> <!-- locator_test(test building, 11112020, bangalore, meeting, 12121, 13121) -->
                  <span class="method-name">locator_test</span>
                  <span class="parameters">(test building, 11112020, bangalore, meeting, 12121, 13121)</span>
                </div> <!-- method-content -->
              </div> <!-- method -->
            </div> <!-- main-panel-content rounded-window-bottom -->
          </div> <!-- suite-Suite-class-passed -->
          <div class="suite-Suite-class-passed">
            <div class="main-panel-header rounded-window-top">
              <img src="passed.png"/>
              <span class="class-name">com.dca.testcases.Communication_meetingtest</span>
            </div> <!-- main-panel-header rounded-window-top -->
            <div class="main-panel-content rounded-window-bottom">
              <div class="method">
                <div class="method-content">
                  <a name="comm_meeting(test building, Virtual Meeting, xyz.com, 123.0, Conference, 15122020, Sushant, 11111, boardmeet, ban...)">
                  </a> <!-- comm_meeting(test building, Virtual Meeting, xyz.com, 123.0, Conference, 15122020, Sushant, 11111, boardmeet, ban...) -->
                  <span class="method-name">comm_meeting</span>
                  <span class="parameters">(test building, Virtual Meeting, xyz.com, 123.0, Conference, 15122020, Sushant, 11111, boardmeet, bangalore, Virtual Meeting)</span>
                </div> <!-- method-content -->
              </div> <!-- method -->
            </div> <!-- main-panel-content rounded-window-bottom -->
          </div> <!-- suite-Suite-class-passed -->
          <div class="suite-Suite-class-passed">
            <div class="main-panel-header rounded-window-top">
              <img src="passed.png"/>
              <span class="class-name">com.dca.testcases.ProjectActivitiesTest</span>
            </div> <!-- main-panel-header rounded-window-top -->
            <div class="main-panel-content rounded-window-bottom">
              <div class="method">
                <div class="method-content">
                  <a name="projectactivitytest(test building, PRE-DESIGN PHASE , Architect , Ann Dumaual , 11122020, 15122020, none, 20122020)">
                  </a> <!-- projectactivitytest(test building, PRE-DESIGN PHASE , Architect , Ann Dumaual , 11122020, 15122020, none, 20122020) -->
                  <span class="method-name">projectactivitytest</span>
                  <span class="parameters">(test building, PRE-DESIGN PHASE , Architect , Ann Dumaual , 11122020, 15122020, none, 20122020)</span>
                </div> <!-- method-content -->
              </div> <!-- method -->
            </div> <!-- main-panel-content rounded-window-bottom -->
          </div> <!-- suite-Suite-class-passed -->
          <div class="suite-Suite-class-passed">
            <div class="main-panel-header rounded-window-top">
              <img src="passed.png"/>
              <span class="class-name">com.dca.testcases.ProjectTeamTest</span>
            </div> <!-- main-panel-header rounded-window-top -->
            <div class="main-panel-content rounded-window-bottom">
              <div class="method">
                <div class="method-content">
                  <a name="projectteamtest(test building, Company Staff, Architect , Ann Dumaual , main staff, hey, hey,there, Valerie Valdez ,...)">
                  </a> <!-- projectteamtest(test building, Company Staff, Architect , Ann Dumaual , main staff, hey, hey,there, Valerie Valdez ,...) -->
                  <span class="method-name">projectteamtest</span>
                  <span class="parameters">(test building, Company Staff, Architect , Ann Dumaual , main staff, hey, hey,there, Valerie Valdez , hey)</span>
                </div> <!-- method-content -->
              </div> <!-- method -->
            </div> <!-- main-panel-content rounded-window-bottom -->
          </div> <!-- suite-Suite-class-passed -->
          <div class="suite-Suite-class-passed">
            <div class="main-panel-header rounded-window-top">
              <img src="passed.png"/>
              <span class="class-name">com.dca.testcases.LabourExpencetest</span>
            </div> <!-- main-panel-header rounded-window-top -->
            <div class="main-panel-content rounded-window-bottom">
              <div class="method">
                <div class="method-content">
                  <a name="labour_expence(test building, Labour, 13112020, Architect, Ann Dumaual, 20, Testing, 2000)">
                  </a> <!-- labour_expence(test building, Labour, 13112020, Architect, Ann Dumaual, 20, Testing, 2000) -->
                  <span class="method-name">labour_expence</span>
                  <span class="parameters">(test building, Labour, 13112020, Architect, Ann Dumaual, 20, Testing, 2000)</span>
                </div> <!-- method-content -->
              </div> <!-- method -->
            </div> <!-- main-panel-content rounded-window-bottom -->
          </div> <!-- suite-Suite-class-passed -->
          <div class="suite-Suite-class-passed">
            <div class="main-panel-header rounded-window-top">
              <img src="passed.png"/>
              <span class="class-name">com.dca.testcases.SiteVisitTest</span>
            </div> <!-- main-panel-header rounded-window-top -->
            <div class="main-panel-content rounded-window-bottom">
              <div class="method">
                <div class="method-content">
                  <a name="sitevisittest(test building, PRE-DESIGN PHASE , Architect , Ann Dumaual , 11122020, visited, 20122020)">
                  </a> <!-- sitevisittest(test building, PRE-DESIGN PHASE , Architect , Ann Dumaual , 11122020, visited, 20122020) -->
                  <span class="method-name">sitevisittest</span>
                  <span class="parameters">(test building, PRE-DESIGN PHASE , Architect , Ann Dumaual , 11122020, visited, 20122020)</span>
                </div> <!-- method-content -->
              </div> <!-- method -->
            </div> <!-- main-panel-content rounded-window-bottom -->
          </div> <!-- suite-Suite-class-passed -->
          <div class="suite-Suite-class-passed">
            <div class="main-panel-header rounded-window-top">
              <img src="passed.png"/>
              <span class="class-name">com.dca.testcases.LoginPageTest</span>
            </div> <!-- main-panel-header rounded-window-top -->
            <div class="main-panel-content rounded-window-bottom">
              <div class="method">
                <div class="method-content">
                  <a name="loginTest">
                  </a> <!-- loginTest -->
                  <span class="method-name">loginTest</span>
                </div> <!-- method-content -->
              </div> <!-- method -->
            </div> <!-- main-panel-content rounded-window-bottom -->
          </div> <!-- suite-Suite-class-passed -->
          <div class="suite-Suite-class-passed">
            <div class="main-panel-header rounded-window-top">
              <img src="passed.png"/>
              <span class="class-name">com.dca.testcases.PropertyactionsTest</span>
            </div> <!-- main-panel-header rounded-window-top -->
            <div class="main-panel-content rounded-window-bottom">
              <div class="method">
                <div class="method-content">
                  <a name="propertyActions">
                  </a> <!-- propertyActions -->
                  <span class="method-name">propertyActions</span>
                </div> <!-- method-content -->
              </div> <!-- method -->
            </div> <!-- main-panel-content rounded-window-bottom -->
          </div> <!-- suite-Suite-class-passed -->
        </div> <!-- panel Suite -->
        <div panel-name="test-xml-Suite" class="panel">
          <div class="main-panel-header rounded-window-top">
            <span class="header-content">C:\Users\Amaze Inc Lap 03\git\DigitalCplusA\DigitalCplusA\testng.xml</span>
          </div> <!-- main-panel-header rounded-window-top -->
          <div class="main-panel-content rounded-window-bottom">
            <pre>
&lt;?xml version=&quot;1.0&quot; encoding=&quot;UTF-8&quot;?&gt;
&lt;!DOCTYPE suite SYSTEM &quot;https://testng.org/testng-1.0.dtd&quot;&gt;
&lt;suite guice-stage=&quot;DEVELOPMENT&quot; name=&quot;Suite&quot;&gt;
  &lt;listeners&gt;
    &lt;listener class-name=&quot;com.dca.utility.ListenerClass&quot;/&gt;
  &lt;/listeners&gt;
  &lt;test thread-count=&quot;5&quot; name=&quot;Test&quot;&gt;
    &lt;classes&gt;
      &lt;class name=&quot;com.dca.testcases.LoginPageTest&quot;/&gt;
      &lt;class name=&quot;com.dca.testcases.PropertyPageTest&quot;/&gt;
      &lt;class name=&quot;com.dca.testcases.PropertyactionsTest&quot;/&gt;
      &lt;class name=&quot;com.dca.testcases.CasasEmployeeTest&quot;/&gt;
      &lt;class name=&quot;com.dca.testcases.ProjectTeamTest&quot;/&gt;
      &lt;class name=&quot;com.dca.testcases.ArchitecturalstageMasterTest&quot;/&gt;
      &lt;class name=&quot;com.dca.testcases.BudgetDashboardTest&quot;/&gt;
      &lt;class name=&quot;com.dca.testcases.ProjectTimelines1Test&quot;/&gt;
      &lt;class name=&quot;com.dca.testcases.Announcementtest&quot;/&gt;
      &lt;class name=&quot;com.dca.testcases.SupplierOnlyTest&quot;/&gt;
      &lt;class name=&quot;com.dca.testcases.AseetsTest&quot;/&gt;
      &lt;class name=&quot;com.dca.testcases.ClientContactTest&quot;/&gt;
      &lt;class name=&quot;com.dca.testcases.StaffLeaveTest&quot;/&gt;
      &lt;class name=&quot;com.dca.testcases.PunchlistMastersTest&quot;/&gt;
      &lt;class name=&quot;com.dca.testcases.FieldManagementToolTest&quot;/&gt;
      &lt;class name=&quot;com.dca.testcases.CommunicationTest&quot;/&gt;
      &lt;class name=&quot;com.dca.testcases.Communication_meetingtest&quot;/&gt;
      &lt;class name=&quot;com.dca.testcases.ProjectEmailsTest&quot;/&gt;
      &lt;class name=&quot;com.dca.testcases.LocatorRequestTest&quot;/&gt;
      &lt;class name=&quot;com.dca.testcases.LabourExpencetest&quot;/&gt;
      &lt;class name=&quot;com.dca.testcases.LabourTest&quot;/&gt;
      &lt;class name=&quot;com.dca.testcases.ProjectActivitiesTest&quot;/&gt;
      &lt;class name=&quot;com.dca.testcases.SiteVisitTest&quot;/&gt;
      &lt;class name=&quot;com.dca.testcases.MyTaskTest&quot;/&gt;
      &lt;class name=&quot;com.dca.testcases.SupplierInvoiceTest&quot;/&gt;
    &lt;/classes&gt;
  &lt;/test&gt; &lt;!-- Test --&gt;
&lt;/suite&gt; &lt;!-- Suite --&gt;
            </pre>
          </div> <!-- main-panel-content rounded-window-bottom -->
        </div> <!-- panel -->
        <div panel-name="testlist-Suite" class="panel">
          <div class="main-panel-header rounded-window-top">
            <span class="header-content">Tests for Suite</span>
          </div> <!-- main-panel-header rounded-window-top -->
          <div class="main-panel-content rounded-window-bottom">
            <ul>
              <li>
                <span class="test-name">Test (25 classes)</span>
              </li>
            </ul>
          </div> <!-- main-panel-content rounded-window-bottom -->
        </div> <!-- panel -->
        <div panel-name="group-Suite" class="panel">
          <div class="main-panel-header rounded-window-top">
            <span class="header-content">Groups for Suite</span>
          </div> <!-- main-panel-header rounded-window-top -->
          <div class="main-panel-content rounded-window-bottom">
          </div> <!-- main-panel-content rounded-window-bottom -->
        </div> <!-- panel -->
        <div panel-name="times-Suite" class="panel">
          <div class="main-panel-header rounded-window-top">
            <span class="header-content">Times for Suite</span>
          </div> <!-- main-panel-header rounded-window-top -->
          <div class="main-panel-content rounded-window-bottom">
            <div class="times-div">
              <script type="text/javascript">
suiteTableInitFunctions.push('tableData_Suite');
function tableData_Suite() {
var data = new google.visualization.DataTable();
data.addColumn('number', 'Number');
data.addColumn('string', 'Method');
data.addColumn('string', 'Class');
data.addColumn('number', 'Time (ms)');
data.addRows(26);
data.setCell(0, 0, 0)
data.setCell(0, 1, 'sitevisittest')
data.setCell(0, 2, 'com.dca.testcases.SiteVisitTest')
data.setCell(0, 3, 180208);
data.setCell(1, 0, 1)
data.setCell(1, 1, 'projectactivitytest')
data.setCell(1, 2, 'com.dca.testcases.ProjectActivitiesTest')
data.setCell(1, 3, 179837);
data.setCell(2, 0, 2)
data.setCell(2, 1, 'projectteamtest')
data.setCell(2, 2, 'com.dca.testcases.ProjectTeamTest')
data.setCell(2, 3, 118160);
data.setCell(3, 0, 3)
data.setCell(3, 1, 'protimeline')
data.setCell(3, 2, 'com.dca.testcases.ProjectTimelines1Test')
data.setCell(3, 3, 111432);
data.setCell(4, 0, 4)
data.setCell(4, 1, 'casasemployee')
data.setCell(4, 2, 'com.dca.testcases.CasasEmployeeTest')
data.setCell(4, 3, 91063);
data.setCell(5, 0, 5)
data.setCell(5, 1, 'fieldmanagetool')
data.setCell(5, 2, 'com.dca.testcases.FieldManagementToolTest')
data.setCell(5, 3, 71915);
data.setCell(6, 0, 6)
data.setCell(6, 1, 'commtest')
data.setCell(6, 2, 'com.dca.testcases.CommunicationTest')
data.setCell(6, 3, 70508);
data.setCell(7, 0, 7)
data.setCell(7, 1, 'staff_leave')
data.setCell(7, 2, 'com.dca.testcases.StaffLeaveTest')
data.setCell(7, 3, 68208);
data.setCell(8, 0, 8)
data.setCell(8, 1, 'emailTest')
data.setCell(8, 2, 'com.dca.testcases.ProjectEmailsTest')
data.setCell(8, 3, 59929);
data.setCell(9, 0, 9)
data.setCell(9, 1, 'supplier_invoice_test')
data.setCell(9, 2, 'com.dca.testcases.SupplierInvoiceTest')
data.setCell(9, 3, 45415);
data.setCell(10, 0, 10)
data.setCell(10, 1, 'labour_test')
data.setCell(10, 2, 'com.dca.testcases.LabourTest')
data.setCell(10, 3, 44131);
data.setCell(11, 0, 11)
data.setCell(11, 1, 'budgetDTest')
data.setCell(11, 2, 'com.dca.testcases.BudgetDashboardTest')
data.setCell(11, 3, 42798);
data.setCell(12, 0, 12)
data.setCell(12, 1, 'assets')
data.setCell(12, 2, 'com.dca.testcases.AseetsTest')
data.setCell(12, 3, 41066);
data.setCell(13, 0, 13)
data.setCell(13, 1, 'punchlistmaster')
data.setCell(13, 2, 'com.dca.testcases.PunchlistMastersTest')
data.setCell(13, 3, 40305);
data.setCell(14, 0, 14)
data.setCell(14, 1, 'inventory')
data.setCell(14, 2, 'com.dca.testcases.SupplierOnlyTest')
data.setCell(14, 3, 36064);
data.setCell(15, 0, 15)
data.setCell(15, 1, 'client_contact')
data.setCell(15, 2, 'com.dca.testcases.ClientContactTest')
data.setCell(15, 3, 35933);
data.setCell(16, 0, 16)
data.setCell(16, 1, 'propertyreg')
data.setCell(16, 2, 'com.dca.testcases.PropertyPageTest')
data.setCell(16, 3, 34738);
data.setCell(17, 0, 17)
data.setCell(17, 1, 'propertyActions')
data.setCell(17, 2, 'com.dca.testcases.PropertyactionsTest')
data.setCell(17, 3, 26071);
data.setCell(18, 0, 18)
data.setCell(18, 1, 'supplier_only_test')
data.setCell(18, 2, 'com.dca.testcases.SupplierOnlyTest')
data.setCell(18, 3, 24765);
data.setCell(19, 0, 19)
data.setCell(19, 1, 'mytasktest')
data.setCell(19, 2, 'com.dca.testcases.MyTaskTest')
data.setCell(19, 3, 22033);
data.setCell(20, 0, 20)
data.setCell(20, 1, 'stagemaster')
data.setCell(20, 2, 'com.dca.testcases.ArchitecturalstageMasterTest')
data.setCell(20, 3, 21544);
data.setCell(21, 0, 21)
data.setCell(21, 1, 'announcements')
data.setCell(21, 2, 'com.dca.testcases.Announcementtest')
data.setCell(21, 3, 18950);
data.setCell(22, 0, 22)
data.setCell(22, 1, 'comm_meeting')
data.setCell(22, 2, 'com.dca.testcases.Communication_meetingtest')
data.setCell(22, 3, 16513);
data.setCell(23, 0, 23)
data.setCell(23, 1, 'locator_test')
data.setCell(23, 2, 'com.dca.testcases.LocatorRequestTest')
data.setCell(23, 3, 15321);
data.setCell(24, 0, 24)
data.setCell(24, 1, 'labour_expence')
data.setCell(24, 2, 'com.dca.testcases.LabourExpencetest')
data.setCell(24, 3, 11519);
data.setCell(25, 0, 25)
data.setCell(25, 1, 'loginTest')
data.setCell(25, 2, 'com.dca.testcases.LoginPageTest')
data.setCell(25, 3, 2536);
window.suiteTableData['Suite']= { tableData: data, tableDiv: 'times-div-Suite'}
return data;
}
              </script>
              <span class="suite-total-time">Total running time: 23 minutes</span>
              <div id="times-div-Suite">
              </div> <!-- times-div-Suite -->
            </div> <!-- times-div -->
          </div> <!-- main-panel-content rounded-window-bottom -->
        </div> <!-- panel -->
        <div panel-name="reporter-Suite" class="panel">
          <div class="main-panel-header rounded-window-top">
            <span class="header-content">Reporter output for Suite</span>
          </div> <!-- main-panel-header rounded-window-top -->
          <div class="main-panel-content rounded-window-bottom">
          </div> <!-- main-panel-content rounded-window-bottom -->
        </div> <!-- panel -->
        <div panel-name="ignored-methods-Suite" class="panel">
          <div class="main-panel-header rounded-window-top">
            <span class="header-content">48 ignored methods</span>
          </div> <!-- main-panel-header rounded-window-top -->
          <div class="main-panel-content rounded-window-bottom">
            <div class="ignored-class-div">
              <span class="ignored-class-name">com.dca.testcases.ClientContactTest</span>
              <div class="ignored-methods-div">
                <span class="ignored-method-name">afterSuite</span>
                <br/>
                <span class="ignored-method-name">loadConfig</span>
                <br/>
              </div> <!-- ignored-methods-div -->
            </div> <!-- ignored-class-div -->
            <div class="ignored-class-div">
              <span class="ignored-class-name">com.dca.testcases.FieldManagementToolTest</span>
              <div class="ignored-methods-div">
                <span class="ignored-method-name">afterSuite</span>
                <br/>
                <span class="ignored-method-name">loadConfig</span>
                <br/>
              </div> <!-- ignored-methods-div -->
            </div> <!-- ignored-class-div -->
            <div class="ignored-class-div">
              <span class="ignored-class-name">com.dca.testcases.Announcementtest</span>
              <div class="ignored-methods-div">
                <span class="ignored-method-name">afterSuite</span>
                <br/>
                <span class="ignored-method-name">loadConfig</span>
                <br/>
              </div> <!-- ignored-methods-div -->
            </div> <!-- ignored-class-div -->
            <div class="ignored-class-div">
              <span class="ignored-class-name">com.dca.testcases.SupplierOnlyTest</span>
              <div class="ignored-methods-div">
                <span class="ignored-method-name">afterSuite</span>
                <br/>
                <span class="ignored-method-name">loadConfig</span>
                <br/>
              </div> <!-- ignored-methods-div -->
            </div> <!-- ignored-class-div -->
            <div class="ignored-class-div">
              <span class="ignored-class-name">com.dca.testcases.LocatorRequestTest</span>
              <div class="ignored-methods-div">
                <span class="ignored-method-name">afterSuite</span>
                <br/>
                <span class="ignored-method-name">loadConfig</span>
                <br/>
              </div> <!-- ignored-methods-div -->
            </div> <!-- ignored-class-div -->
            <div class="ignored-class-div">
              <span class="ignored-class-name">com.dca.testcases.PunchlistMastersTest</span>
              <div class="ignored-methods-div">
                <span class="ignored-method-name">afterSuite</span>
                <br/>
                <span class="ignored-method-name">loadConfig</span>
                <br/>
              </div> <!-- ignored-methods-div -->
            </div> <!-- ignored-class-div -->
            <div class="ignored-class-div">
              <span class="ignored-class-name">com.dca.testcases.BudgetDashboardTest</span>
              <div class="ignored-methods-div">
                <span class="ignored-method-name">afterSuite</span>
                <br/>
                <span class="ignored-method-name">loadConfig</span>
                <br/>
              </div> <!-- ignored-methods-div -->
            </div> <!-- ignored-class-div -->
            <div class="ignored-class-div">
              <span class="ignored-class-name">com.dca.testcases.Communication_meetingtest</span>
              <div class="ignored-methods-div">
                <span class="ignored-method-name">afterSuite</span>
                <br/>
                <span class="ignored-method-name">loadConfig</span>
                <br/>
              </div> <!-- ignored-methods-div -->
            </div> <!-- ignored-class-div -->
            <div class="ignored-class-div">
              <span class="ignored-class-name">com.dca.testcases.ProjectEmailsTest</span>
              <div class="ignored-methods-div">
                <span class="ignored-method-name">afterSuite</span>
                <br/>
                <span class="ignored-method-name">loadConfig</span>
                <br/>
              </div> <!-- ignored-methods-div -->
            </div> <!-- ignored-class-div -->
            <div class="ignored-class-div">
              <span class="ignored-class-name">com.dca.testcases.LabourTest</span>
              <div class="ignored-methods-div">
                <span class="ignored-method-name">afterSuite</span>
                <br/>
                <span class="ignored-method-name">loadConfig</span>
                <br/>
              </div> <!-- ignored-methods-div -->
            </div> <!-- ignored-class-div -->
            <div class="ignored-class-div">
              <span class="ignored-class-name">com.dca.testcases.ProjectActivitiesTest</span>
              <div class="ignored-methods-div">
                <span class="ignored-method-name">afterSuite</span>
                <br/>
                <span class="ignored-method-name">loadConfig</span>
                <br/>
              </div> <!-- ignored-methods-div -->
            </div> <!-- ignored-class-div -->
            <div class="ignored-class-div">
              <span class="ignored-class-name">com.dca.testcases.ProjectTeamTest</span>
              <div class="ignored-methods-div">
                <span class="ignored-method-name">afterSuite</span>
                <br/>
                <span class="ignored-method-name">loadConfig</span>
                <br/>
              </div> <!-- ignored-methods-div -->
            </div> <!-- ignored-class-div -->
            <div class="ignored-class-div">
              <span class="ignored-class-name">com.dca.testcases.StaffLeaveTest</span>
              <div class="ignored-methods-div">
                <span class="ignored-method-name">afterSuite</span>
                <br/>
                <span class="ignored-method-name">loadConfig</span>
                <br/>
              </div> <!-- ignored-methods-div -->
            </div> <!-- ignored-class-div -->
            <div class="ignored-class-div">
              <span class="ignored-class-name">com.dca.testcases.LabourExpencetest</span>
              <div class="ignored-methods-div">
                <span class="ignored-method-name">afterSuite</span>
                <br/>
                <span class="ignored-method-name">loadConfig</span>
                <br/>
              </div> <!-- ignored-methods-div -->
            </div> <!-- ignored-class-div -->
            <div class="ignored-class-div">
              <span class="ignored-class-name">com.dca.testcases.SiteVisitTest</span>
              <div class="ignored-methods-div">
                <span class="ignored-method-name">afterSuite</span>
                <br/>
                <span class="ignored-method-name">loadConfig</span>
                <br/>
              </div> <!-- ignored-methods-div -->
            </div> <!-- ignored-class-div -->
            <div class="ignored-class-div">
              <span class="ignored-class-name">com.dca.testcases.PropertyactionsTest</span>
              <div class="ignored-methods-div">
                <span class="ignored-method-name">afterSuite</span>
                <br/>
                <span class="ignored-method-name">loadConfig</span>
                <br/>
              </div> <!-- ignored-methods-div -->
            </div> <!-- ignored-class-div -->
            <div class="ignored-class-div">
              <span class="ignored-class-name">com.dca.testcases.CasasEmployeeTest</span>
              <div class="ignored-methods-div">
                <span class="ignored-method-name">afterSuite</span>
                <br/>
                <span class="ignored-method-name">loadConfig</span>
                <br/>
              </div> <!-- ignored-methods-div -->
            </div> <!-- ignored-class-div -->
            <div class="ignored-class-div">
              <span class="ignored-class-name">com.dca.testcases.MyTaskTest</span>
              <div class="ignored-methods-div">
                <span class="ignored-method-name">afterSuite</span>
                <br/>
                <span class="ignored-method-name">loadConfig</span>
                <br/>
              </div> <!-- ignored-methods-div -->
            </div> <!-- ignored-class-div -->
            <div class="ignored-class-div">
              <span class="ignored-class-name">com.dca.testcases.ProjectTimelines1Test</span>
              <div class="ignored-methods-div">
                <span class="ignored-method-name">afterSuite</span>
                <br/>
                <span class="ignored-method-name">loadConfig</span>
                <br/>
              </div> <!-- ignored-methods-div -->
            </div> <!-- ignored-class-div -->
            <div class="ignored-class-div">
              <span class="ignored-class-name">com.dca.testcases.SupplierInvoiceTest</span>
              <div class="ignored-methods-div">
                <span class="ignored-method-name">afterSuite</span>
                <br/>
                <span class="ignored-method-name">loadConfig</span>
                <br/>
              </div> <!-- ignored-methods-div -->
            </div> <!-- ignored-class-div -->
            <div class="ignored-class-div">
              <span class="ignored-class-name">com.dca.testcases.PropertyPageTest</span>
              <div class="ignored-methods-div">
                <span class="ignored-method-name">afterSuite</span>
                <br/>
                <span class="ignored-method-name">loadConfig</span>
                <br/>
              </div> <!-- ignored-methods-div -->
            </div> <!-- ignored-class-div -->
            <div class="ignored-class-div">
              <span class="ignored-class-name">com.dca.testcases.AseetsTest</span>
              <div class="ignored-methods-div">
                <span class="ignored-method-name">afterSuite</span>
                <br/>
                <span class="ignored-method-name">loadConfig</span>
                <br/>
              </div> <!-- ignored-methods-div -->
            </div> <!-- ignored-class-div -->
            <div class="ignored-class-div">
              <span class="ignored-class-name">com.dca.testcases.CommunicationTest</span>
              <div class="ignored-methods-div">
                <span class="ignored-method-name">afterSuite</span>
                <br/>
                <span class="ignored-method-name">loadConfig</span>
                <br/>
              </div> <!-- ignored-methods-div -->
            </div> <!-- ignored-class-div -->
            <div class="ignored-class-div">
              <span class="ignored-class-name">com.dca.testcases.ArchitecturalstageMasterTest</span>
              <div class="ignored-methods-div">
                <span class="ignored-method-name">afterSuite</span>
                <br/>
                <span class="ignored-method-name">loadConfig</span>
                <br/>
              </div> <!-- ignored-methods-div -->
            </div> <!-- ignored-class-div -->
          </div> <!-- main-panel-content rounded-window-bottom -->
        </div> <!-- panel -->
        <div panel-name="chronological-Suite" class="panel">
          <div class="main-panel-header rounded-window-top">
            <span class="header-content">Methods in chronological order</span>
          </div> <!-- main-panel-header rounded-window-top -->
          <div class="main-panel-content rounded-window-bottom">
            <div class="chronological-class">
              <div class="chronological-class-name">com.dca.testcases.LoginPageTest</div> <!-- chronological-class-name -->
              <div class="configuration-suite before">
                <span class="method-name">loadConfig</span>
                <span class="method-start">0 ms</span>
              </div> <!-- configuration-suite before -->
              <div class="configuration-method before">
                <span class="method-name">setup</span>
                <span class="method-start">283 ms</span>
              </div> <!-- configuration-method before -->
              <div class="test-method">
                <span class="method-name">loginTest</span>
                <span class="method-start">9426 ms</span>
              </div> <!-- test-method -->
              <div class="configuration-method after">
                <span class="method-name">tearDown</span>
                <span class="method-start">11977 ms</span>
              </div> <!-- configuration-method after -->
            </div> <!-- chronological-class -->
            <div class="chronological-class">
              <div class="chronological-class-name">com.dca.testcases.PropertyPageTest</div> <!-- chronological-class-name -->
              <div class="configuration-method before">
                <span class="method-name">setup</span>
                <span class="method-start">14386 ms</span>
              </div> <!-- configuration-method before -->
              <div class="test-method">
                <span class="method-name">propertyreg(test building, bangalore, 1234567899, sushant, 1234567899, xyz@gmail.com, 2, 2, 4, 240, 90)</span>
                <span class="method-start">22199 ms</span>
              </div> <!-- test-method -->
              <div class="configuration-method after">
                <span class="method-name">tearDown</span>
                <span class="method-start">56940 ms</span>
              </div> <!-- configuration-method after -->
            </div> <!-- chronological-class -->
            <div class="chronological-class">
              <div class="chronological-class-name">com.dca.testcases.PropertyactionsTest</div> <!-- chronological-class-name -->
              <div class="configuration-method before">
                <span class="method-name">setup</span>
                <span class="method-start">57714 ms</span>
              </div> <!-- configuration-method before -->
              <div class="test-method">
                <span class="method-name">propertyActions</span>
                <span class="method-start">65799 ms</span>
              </div> <!-- test-method -->
              <div class="configuration-method after">
                <span class="method-name">tearDown</span>
                <span class="method-start">91874 ms</span>
              </div> <!-- configuration-method after -->
            </div> <!-- chronological-class -->
            <div class="chronological-class">
              <div class="chronological-class-name">com.dca.testcases.CasasEmployeeTest</div> <!-- chronological-class-name -->
              <div class="configuration-method before">
                <span class="method-name">setup</span>
                <span class="method-start">92860 ms</span>
              </div> <!-- configuration-method before -->
              <div class="test-method">
                <img src="failed.png">
                </img>
                <span class="method-name">casasemployee(test building, Sushant, 1.234512345E9, xyz@gmail.com, Architect, Bangalore, Ann Dumaual, 2020-12-10,...)</span>
                <span class="method-start">100605 ms</span>
              </div> <!-- test-method -->
              <div class="configuration-method after">
                <span class="method-name">tearDown</span>
                <span class="method-start">192006 ms</span>
              </div> <!-- configuration-method after -->
            </div> <!-- chronological-class -->
            <div class="chronological-class">
              <div class="chronological-class-name">com.dca.testcases.ProjectTeamTest</div> <!-- chronological-class-name -->
              <div class="configuration-method before">
                <span class="method-name">setup</span>
                <span class="method-start">192955 ms</span>
              </div> <!-- configuration-method before -->
              <div class="test-method">
                <span class="method-name">projectteamtest(test building, Company Staff, Architect , Ann Dumaual , main staff, hey, hey,there, Valerie Valdez ,...)</span>
                <span class="method-start">200456 ms</span>
              </div> <!-- test-method -->
              <div class="configuration-method after">
                <span class="method-name">tearDown</span>
                <span class="method-start">318618 ms</span>
              </div> <!-- configuration-method after -->
            </div> <!-- chronological-class -->
            <div class="chronological-class">
              <div class="chronological-class-name">com.dca.testcases.ArchitecturalstageMasterTest</div> <!-- chronological-class-name -->
              <div class="configuration-method before">
                <span class="method-name">setup</span>
                <span class="method-start">319530 ms</span>
              </div> <!-- configuration-method before -->
              <div class="test-method">
                <img src="failed.png">
                </img>
                <span class="method-name">stagemaster(test building, SCHEMATIC DESIGN PHASE, design phase)</span>
                <span class="method-start">327495 ms</span>
              </div> <!-- test-method -->
              <div class="configuration-method after">
                <span class="method-name">tearDown</span>
                <span class="method-start">349515 ms</span>
              </div> <!-- configuration-method after -->
            </div> <!-- chronological-class -->
            <div class="chronological-class">
              <div class="chronological-class-name">com.dca.testcases.BudgetDashboardTest</div> <!-- chronological-class-name -->
              <div class="configuration-method before">
                <span class="method-name">setup</span>
                <span class="method-start">352133 ms</span>
              </div> <!-- configuration-method before -->
              <div class="test-method">
                <img src="failed.png">
                </img>
                <span class="method-name">budgetDTest(test building, SCHEMATIC DESIGN PHASE, 2, none, 3)</span>
                <span class="method-start">361616 ms</span>
              </div> <!-- test-method -->
              <div class="configuration-method after">
                <span class="method-name">tearDown</span>
                <span class="method-start">405092 ms</span>
              </div> <!-- configuration-method after -->
            </div> <!-- chronological-class -->
            <div class="chronological-class">
              <div class="chronological-class-name">com.dca.testcases.ProjectTimelines1Test</div> <!-- chronological-class-name -->
              <div class="configuration-method before">
                <span class="method-name">setup</span>
                <span class="method-start">406191 ms</span>
              </div> <!-- configuration-method before -->
              <div class="test-method">
                <img src="failed.png">
                </img>
                <span class="method-name">protimeline(test building, PRE-DESIGN PHASE , PAWB, 20122020, 21122020, Valerie Valdez , none)</span>
                <span class="method-start">417852 ms</span>
              </div> <!-- test-method -->
              <div class="configuration-method after">
                <span class="method-name">tearDown</span>
                <span class="method-start">529614 ms</span>
              </div> <!-- configuration-method after -->
            </div> <!-- chronological-class -->
            <div class="chronological-class">
              <div class="chronological-class-name">com.dca.testcases.Announcementtest</div> <!-- chronological-class-name -->
              <div class="configuration-method before">
                <span class="method-name">setup</span>
                <span class="method-start">530457 ms</span>
              </div> <!-- configuration-method before -->
              <div class="test-method">
                <img src="failed.png">
                </img>
                <span class="method-name">announcements(test building, Hoilday, holiday for all the staffs due to corona, 25112020, 1300, it will be paid le...)</span>
                <span class="method-start">538359 ms</span>
              </div> <!-- test-method -->
              <div class="configuration-method after">
                <span class="method-name">tearDown</span>
                <span class="method-start">557656 ms</span>
              </div> <!-- configuration-method after -->
            </div> <!-- chronological-class -->
            <div class="chronological-class">
              <div class="chronological-class-name">com.dca.testcases.SupplierOnlyTest</div> <!-- chronological-class-name -->
              <div class="configuration-method before">
                <span class="method-name">setup</span>
                <span class="method-start">558486 ms</span>
              </div> <!-- configuration-method before -->
              <div class="test-method">
                <span class="method-name">supplier_only_test(test building, vendor company, xyz@gmail.com, 1234512345, LancapeYard Area, Bangalore, xyz.com, Anja...)</span>
                <span class="method-start">567222 ms</span>
              </div> <!-- test-method -->
              <div class="configuration-method after">
                <span class="method-name">tearDown</span>
                <span class="method-start">591989 ms</span>
              </div> <!-- configuration-method after -->
              <div class="configuration-method before">
                <span class="method-name">setup</span>
                <span class="method-start">592884 ms</span>
              </div> <!-- configuration-method before -->
              <div class="test-method">
                <img src="failed.png">
                </img>
                <span class="method-name">inventory(test building, Drawing Materials, Drawing, mobile, Testing, 20112020, 2000, Inventory PO, 13122020, ...)</span>
                <span class="method-start">602559 ms</span>
              </div> <!-- test-method -->
              <div class="configuration-method after">
                <span class="method-name">tearDown</span>
                <span class="method-start">639995 ms</span>
              </div> <!-- configuration-method after -->
            </div> <!-- chronological-class -->
            <div class="chronological-class">
              <div class="chronological-class-name">com.dca.testcases.AseetsTest</div> <!-- chronological-class-name -->
              <div class="configuration-method before">
                <span class="method-name">setup</span>
                <span class="method-start">640906 ms</span>
              </div> <!-- configuration-method before -->
              <div class="test-method">
                <img src="failed.png">
                </img>
                <span class="method-name">assets(test building, Tv, Electrical, Floor 1, Electrical, samsung, 1111, 12112020, sam, sam ele, 812998140...)</span>
                <span class="method-start">669890 ms</span>
              </div> <!-- test-method -->
              <div class="configuration-method after">
                <span class="method-name">tearDown</span>
                <span class="method-start">712092 ms</span>
              </div> <!-- configuration-method after -->
            </div> <!-- chronological-class -->
            <div class="chronological-class">
              <div class="chronological-class-name">com.dca.testcases.ClientContactTest</div> <!-- chronological-class-name -->
              <div class="configuration-method before">
                <span class="method-name">setup</span>
                <span class="method-start">712993 ms</span>
              </div> <!-- configuration-method before -->
              <div class="test-method">
                <span class="method-name">client_contact(test building, Sushant, M, Software Test, xyz@gmail.com, 1234512345, Testing, Testing, Testing)</span>
                <span class="method-start">721274 ms</span>
              </div> <!-- test-method -->
              <div class="configuration-method after">
                <span class="method-name">tearDown</span>
                <span class="method-start">757212 ms</span>
              </div> <!-- configuration-method after -->
            </div> <!-- chronological-class -->
            <div class="chronological-class">
              <div class="chronological-class-name">com.dca.testcases.StaffLeaveTest</div> <!-- chronological-class-name -->
              <div class="configuration-method before">
                <span class="method-name">setup</span>
                <span class="method-start">758067 ms</span>
              </div> <!-- configuration-method before -->
              <div class="test-method">
                <img src="failed.png">
                </img>
                <span class="method-name">staff_leave(test building, Valerie Valdez, Casual Leave, 2020-12-11, 2020-12-19, Ann Dumaual, Testing, Reject, T...)</span>
                <span class="method-start">766564 ms</span>
              </div> <!-- test-method -->
              <div class="configuration-method after">
                <span class="method-name">tearDown</span>
                <span class="method-start">835093 ms</span>
              </div> <!-- configuration-method after -->
            </div> <!-- chronological-class -->
            <div class="chronological-class">
              <div class="chronological-class-name">com.dca.testcases.PunchlistMastersTest</div> <!-- chronological-class-name -->
              <div class="configuration-method before">
                <span class="method-name">setup</span>
                <span class="method-start">835892 ms</span>
              </div> <!-- configuration-method before -->
              <div class="test-method">
                <img src="failed.png">
                </img>
                <span class="method-name">punchlistmaster(test building, floor checking, manila, floor checking at manila, internal, floor tiles checking)</span>
                <span class="method-start">843706 ms</span>
              </div> <!-- test-method -->
              <div class="configuration-method after">
                <span class="method-name">tearDown</span>
                <span class="method-start">884713 ms</span>
              </div> <!-- configuration-method after -->
            </div> <!-- chronological-class -->
            <div class="chronological-class">
              <div class="chronological-class-name">com.dca.testcases.FieldManagementToolTest</div> <!-- chronological-class-name -->
              <div class="configuration-method before">
                <span class="method-name">setup</span>
                <span class="method-start">885635 ms</span>
              </div> <!-- configuration-method before -->
              <div class="test-method">
                <img src="failed.png">
                </img>
                <span class="method-name">fieldmanagetool(test building, Floor 1, floor checking, Valerie Valdez, 15122020, 17122020, 220, Testing, Assigned, ...)</span>
                <span class="method-start">893583 ms</span>
              </div> <!-- test-method -->
              <div class="configuration-method after">
                <span class="method-name">tearDown</span>
                <span class="method-start">965815 ms</span>
              </div> <!-- configuration-method after -->
            </div> <!-- chronological-class -->
            <div class="chronological-class">
              <div class="chronological-class-name">com.dca.testcases.CommunicationTest</div> <!-- chronological-class-name -->
              <div class="configuration-method before">
                <span class="method-name">setup</span>
                <span class="method-start">966601 ms</span>
              </div> <!-- configuration-method before -->
              <div class="test-method">
                <img src="failed.png">
                </img>
                <span class="method-name">commtest(test building, Testing, Valerie Valdez, Sushant, 11122020, tesing, testing, testing 1, Sushant, test...)</span>
                <span class="method-start">974881 ms</span>
              </div> <!-- test-method -->
              <div class="configuration-method after">
                <span class="method-name">tearDown</span>
                <span class="method-start">1045716 ms</span>
              </div> <!-- configuration-method after -->
            </div> <!-- chronological-class -->
            <div class="chronological-class">
              <div class="chronological-class-name">com.dca.testcases.Communication_meetingtest</div> <!-- chronological-class-name -->
              <div class="configuration-method before">
                <span class="method-name">setup</span>
                <span class="method-start">1046525 ms</span>
              </div> <!-- configuration-method before -->
              <div class="test-method">
                <span class="method-name">comm_meeting(test building, Virtual Meeting, xyz.com, 123.0, Conference, 15122020, Sushant, 11111, boardmeet, ban...)</span>
                <span class="method-start">1058243 ms</span>
              </div> <!-- test-method -->
              <div class="configuration-method after">
                <span class="method-name">tearDown</span>
                <span class="method-start">1074758 ms</span>
              </div> <!-- configuration-method after -->
            </div> <!-- chronological-class -->
            <div class="chronological-class">
              <div class="chronological-class-name">com.dca.testcases.ProjectEmailsTest</div> <!-- chronological-class-name -->
              <div class="configuration-method before">
                <span class="method-name">setup</span>
                <span class="method-start">1075698 ms</span>
              </div> <!-- configuration-method before -->
              <div class="test-method">
                <img src="failed.png">
                </img>
                <span class="method-name">emailTest(test building, abc@gmail.com, Testing123, 11112020)</span>
                <span class="method-start">1083635 ms</span>
              </div> <!-- test-method -->
              <div class="configuration-method after">
                <span class="method-name">tearDown</span>
                <span class="method-start">1143932 ms</span>
              </div> <!-- configuration-method after -->
            </div> <!-- chronological-class -->
            <div class="chronological-class">
              <div class="chronological-class-name">com.dca.testcases.LocatorRequestTest</div> <!-- chronological-class-name -->
              <div class="configuration-method before">
                <span class="method-name">setup</span>
                <span class="method-start">1144674 ms</span>
              </div> <!-- configuration-method before -->
              <div class="test-method">
                <span class="method-name">locator_test(test building, 11112020, bangalore, meeting, 12121, 13121)</span>
                <span class="method-start">1155266 ms</span>
              </div> <!-- test-method -->
              <div class="configuration-method after">
                <span class="method-name">tearDown</span>
                <span class="method-start">1170588 ms</span>
              </div> <!-- configuration-method after -->
            </div> <!-- chronological-class -->
            <div class="chronological-class">
              <div class="chronological-class-name">com.dca.testcases.LabourExpencetest</div> <!-- chronological-class-name -->
              <div class="configuration-method before">
                <span class="method-name">setup</span>
                <span class="method-start">1171464 ms</span>
              </div> <!-- configuration-method before -->
              <div class="test-method">
                <span class="method-name">labour_expence(test building, Labour, 13112020, Architect, Ann Dumaual, 20, Testing, 2000)</span>
                <span class="method-start">1179369 ms</span>
              </div> <!-- test-method -->
              <div class="configuration-method after">
                <span class="method-name">tearDown</span>
                <span class="method-start">1190890 ms</span>
              </div> <!-- configuration-method after -->
            </div> <!-- chronological-class -->
            <div class="chronological-class">
              <div class="chronological-class-name">com.dca.testcases.LabourTest</div> <!-- chronological-class-name -->
              <div class="configuration-method before">
                <span class="method-name">setup</span>
                <span class="method-start">1191750 ms</span>
              </div> <!-- configuration-method before -->
              <div class="test-method">
                <img src="failed.png">
                </img>
                <span class="method-name">labour_test(test building, Architect, Ann Dumaual)</span>
                <span class="method-start">1201069 ms</span>
              </div> <!-- test-method -->
              <div class="configuration-method after">
                <span class="method-name">tearDown</span>
                <span class="method-start">1245527 ms</span>
              </div> <!-- configuration-method after -->
            </div> <!-- chronological-class -->
            <div class="chronological-class">
              <div class="chronological-class-name">com.dca.testcases.ProjectActivitiesTest</div> <!-- chronological-class-name -->
              <div class="configuration-method before">
                <span class="method-name">setup</span>
                <span class="method-start">1246390 ms</span>
              </div> <!-- configuration-method before -->
              <div class="test-method">
                <span class="method-name">projectactivitytest(test building, PRE-DESIGN PHASE , Architect , Ann Dumaual , 11122020, 15122020, none, 20122020)</span>
                <span class="method-start">1254268 ms</span>
              </div> <!-- test-method -->
              <div class="configuration-method after">
                <span class="method-name">tearDown</span>
                <span class="method-start">1434109 ms</span>
              </div> <!-- configuration-method after -->
            </div> <!-- chronological-class -->
            <div class="chronological-class">
              <div class="chronological-class-name">com.dca.testcases.SiteVisitTest</div> <!-- chronological-class-name -->
              <div class="configuration-method before">
                <span class="method-name">setup</span>
                <span class="method-start">1434897 ms</span>
              </div> <!-- configuration-method before -->
              <div class="test-method">
                <span class="method-name">sitevisittest(test building, PRE-DESIGN PHASE , Architect , Ann Dumaual , 11122020, visited, 20122020)</span>
                <span class="method-start">1442880 ms</span>
              </div> <!-- test-method -->
              <div class="configuration-method after">
                <span class="method-name">tearDown</span>
                <span class="method-start">1623089 ms</span>
              </div> <!-- configuration-method after -->
            </div> <!-- chronological-class -->
            <div class="chronological-class">
              <div class="chronological-class-name">com.dca.testcases.MyTaskTest</div> <!-- chronological-class-name -->
              <div class="configuration-method before">
                <span class="method-name">setup</span>
                <span class="method-start">1623919 ms</span>
              </div> <!-- configuration-method before -->
              <div class="test-method">
                <span class="method-name">mytasktest(test building, 19122020, 23122020, floor checking, check properly, 25122020)</span>
                <span class="method-start">1634590 ms</span>
              </div> <!-- test-method -->
              <div class="configuration-method after">
                <span class="method-name">tearDown</span>
                <span class="method-start">1656624 ms</span>
              </div> <!-- configuration-method after -->
            </div> <!-- chronological-class -->
            <div class="chronological-class">
              <div class="chronological-class-name">com.dca.testcases.SupplierInvoiceTest</div> <!-- chronological-class-name -->
              <div class="configuration-method before">
                <span class="method-name">setup</span>
                <span class="method-start">1657460 ms</span>
              </div> <!-- configuration-method before -->
              <div class="test-method">
                <img src="failed.png">
                </img>
                <span class="method-name">supplier_invoice_test(test building, 12152020, inv11109006, 12152020, Test, 51, 5, 50, 5, test, Cash, test, 1.0, test, Ban...)</span>
                <span class="method-start">1667822 ms</span>
              </div> <!-- test-method -->
              <div class="configuration-method after">
                <span class="method-name">tearDown</span>
                <span class="method-start">1713550 ms</span>
              </div> <!-- configuration-method after -->
            </div> <!-- chronological-class -->
            <div class="chronological-class">
              <div class="chronological-class-name">com.dca.testcases.LoginPageTest</div> <!-- chronological-class-name -->
              <div class="configuration-suite after">
                <span class="method-name">afterSuite</span>
                <span class="method-start">1714316 ms</span>
              </div> <!-- configuration-suite after -->
          </div> <!-- main-panel-content rounded-window-bottom -->
        </div> <!-- panel -->
      </div> <!-- main-panel-root -->
    </div> <!-- wrapper -->
  </body>
</html>
